[19:01:27] [WARNING] mysql_connect: no password specified (GM.pwn:7690 -> GM.pwn:7690 -> C:\Users\aguss\Downloads\pawno\include\EVF2.inc:3539 -> C:\Users\aguss\Downloads\pawno\include\Pawn.RakNet.inc:902 -> C:\Users\aguss\Downloads\pawno\include\sscanf2.inc:210)
[19:03:35] [WARNING] mysql_connect: no password specified (GM.pwn:7035 -> GM.pwn:7035 -> C:\Users\aguss\Downloads\pawno\include\Pawn.RakNet.inc:902 -> C:\Users\aguss\Downloads\pawno\include\sscanf2.inc:210)
[19:21:00] [WARNING] mysql_connect: no password specified (GM.pwn:7121 -> GM.pwn:7121 -> C:\Users\aguss\Downloads\pawno\include\Pawn.RakNet.inc:902 -> C:\Users\aguss\Downloads\pawno\include\sscanf2.inc:210)
[19:22:40] [WARNING] mysql_connect: no password specified (GM.pwn:7121 -> GM.pwn:7121 -> C:\Users\aguss\Downloads\pawno\include\Pawn.RakNet.inc:902 -> C:\Users\aguss\Downloads\pawno\include\sscanf2.inc:210)
[19:25:39] [WARNING] mysql_connect: no password specified (GM.pwn:7096 -> GM.pwn:7096 -> C:\Users\aguss\Downloads\pawno\include\Pawn.RakNet.inc:902 -> C:\Users\aguss\Downloads\pawno\include\sscanf2.inc:210)
[21:00:18] [WARNING] mysql_connect: no password specified (GM.pwn:6665 -> GM.pwn:6665 -> C:\Users\aguss\Downloads\pawno\include\Pawn.RakNet.inc:902 -> C:\Users\aguss\Downloads\pawno\include\sscanf2.inc:210)
[21:12:32] [WARNING] mysql_connect: no password specified (GM.pwn:6870 -> GM.pwn:6870 -> C:\Users\aguss\Downloads\pawno\include\Pawn.RakNet.inc:902 -> C:\Users\aguss\Downloads\pawno\include\sscanf2.inc:210)
[21:26:12] [WARNING] mysql_connect: no password specified (GM.pwn:6834 -> GM.pwn:6834 -> C:\Users\aguss\Downloads\pawno\include\Pawn.RakNet.inc:902 -> C:\Users\aguss\Downloads\pawno\include\sscanf2.inc:210)
[21:28:49] [WARNING] mysql_connect: no password specified (GM.pwn:6833 -> GM.pwn:6833 -> C:\Users\aguss\Downloads\pawno\include\Pawn.RakNet.inc:902 -> C:\Users\aguss\Downloads\pawno\include\sscanf2.inc:210)
[21:34:39] [WARNING] mysql_connect: no password specified (GM.pwn:6647 -> GM.pwn:6647 -> C:\Users\aguss\Downloads\pawno\include\Pawn.RakNet.inc:902 -> C:\Users\aguss\Downloads\pawno\include\sscanf2.inc:210)
[21:57:39] [WARNING] mysql_connect: no password specified (GM.pwn:6677 -> GM.pwn:6677 -> C:\Users\aguss\Downloads\pawno\include\Pawn.RakNet.inc:902 -> C:\Users\aguss\Downloads\pawno\include\sscanf2.inc:210)
[15:04:56] [WARNING] mysql_connect: no password specified (GM.pwn:7397 -> GM.pwn:7397 -> C:\Users\aguss\Downloads\pawno\include\Pawn.RakNet.inc:902 -> C:\Users\aguss\Downloads\pawno\include\sscanf2.inc:210)
[15:07:18] [WARNING] mysql_connect: no password specified (GM.pwn:7397 -> GM.pwn:7397 -> C:\Users\aguss\Downloads\pawno\include\Pawn.RakNet.inc:902 -> C:\Users\aguss\Downloads\pawno\include\sscanf2.inc:210)
[15:44:12] [WARNING] mysql_connect: no password specified (GM.pwn:9594 -> GM.pwn:9594 -> C:\Users\aguss\Downloads\pawno\include\Pawn.RakNet.inc:902 -> C:\Users\aguss\Downloads\pawno\include\sscanf2.inc:210)
[15:46:09] [WARNING] mysql_connect: no password specified (GM.pwn:9594 -> GM.pwn:9594 -> C:\Users\aguss\Downloads\pawno\include\Pawn.RakNet.inc:902 -> C:\Users\aguss\Downloads\pawno\include\sscanf2.inc:210)
[15:48:33] [WARNING] mysql_connect: no password specified (GM.pwn:9693 -> GM.pwn:9693 -> C:\Users\aguss\Downloads\pawno\include\Pawn.RakNet.inc:902 -> C:\Users\aguss\Downloads\pawno\include\sscanf2.inc:210)
[15:53:57] [WARNING] mysql_connect: no password specified (GM.pwn:9699 -> GM.pwn:9699 -> C:\Users\aguss\Downloads\pawno\include\Pawn.RakNet.inc:902 -> C:\Users\aguss\Downloads\pawno\include\sscanf2.inc:210)
[16:27:22] [WARNING] mysql_connect: no password specified (GM.pwn:10005 -> GM.pwn:10005 -> C:\Users\aguss\Downloads\pawno\include\Pawn.RakNet.inc:902 -> C:\Users\aguss\Downloads\pawno\include\sscanf2.inc:210)
[19:21:08] [WARNING] mysql_connect: no password specified (GM.pwn:10402 -> GM.pwn:10402 -> C:\Users\aguss\Downloads\pawno\include\Pawn.RakNet.inc:902 -> C:\Users\aguss\Downloads\pawno\include\sscanf2.inc:210)
[19:27:41] [WARNING] mysql_connect: no password specified (GM.pwn:10399 -> GM.pwn:10399 -> C:\Users\aguss\Downloads\pawno\include\Pawn.RakNet.inc:902 -> C:\Users\aguss\Downloads\pawno\include\sscanf2.inc:210)
[19:29:43] [WARNING] mysql_connect: no password specified (GM.pwn:10399 -> GM.pwn:10399 -> C:\Users\aguss\Downloads\pawno\include\Pawn.RakNet.inc:902 -> C:\Users\aguss\Downloads\pawno\include\sscanf2.inc:210)
[19:34:11] [WARNING] mysql_connect: no password specified (GM.pwn:10399 -> GM.pwn:10399 -> C:\Users\aguss\Downloads\pawno\include\Pawn.RakNet.inc:902 -> C:\Users\aguss\Downloads\pawno\include\sscanf2.inc:210)
[19:35:26] [WARNING] mysql_connect: no password specified (GM.pwn:10399 -> GM.pwn:10399 -> C:\Users\aguss\Downloads\pawno\include\Pawn.RakNet.inc:902 -> C:\Users\aguss\Downloads\pawno\include\sscanf2.inc:210)
[19:58:33] [WARNING] mysql_connect: no password specified (GM.pwn:10395 -> GM.pwn:10395 -> C:\Users\aguss\Downloads\pawno\include\Pawn.RakNet.inc:902 -> C:\Users\aguss\Downloads\pawno\include\sscanf2.inc:210)
[13:34:57] [WARNING] mysql_connect: no password specified (GM.pwn:11046 -> GM.pwn:11046 -> C:\Users\aguss\Downloads\pawno\include\VOICE123.inc:13 -> C:\Users\aguss\Downloads\pawno\include\Pawn.RakNet.inc:902 -> C:\Users\aguss\Downloads\pawno\include\sscanf2.inc:210)
[16:14:54] [WARNING] mysql_connect: no password specified (GM.pwn:11046 -> GM.pwn:11046 -> C:\Users\aguss\Downloads\pawno\include\VOICE123.inc:13 -> C:\Users\aguss\Downloads\pawno\include\Pawn.RakNet.inc:902 -> C:\Users\aguss\Downloads\pawno\include\sscanf2.inc:210)
[16:16:56] [WARNING] mysql_connect: no password specified (GM.pwn:11047 -> GM.pwn:11047 -> C:\Users\aguss\Downloads\pawno\include\VOICE123.inc:13 -> C:\Users\aguss\Downloads\pawno\include\Pawn.RakNet.inc:902 -> C:\Users\aguss\Downloads\pawno\include\sscanf2.inc:210)
[17:07:33] [WARNING] mysql_connect: no password specified (GM.pwn:11047 -> GM.pwn:11047 -> C:\Users\aguss\Downloads\pawno\include\VOICE123.inc:13 -> C:\Users\aguss\Downloads\pawno\include\Pawn.RakNet.inc:902 -> C:\Users\aguss\Downloads\pawno\include\sscanf2.inc:210)
[17:12:39] [WARNING] mysql_connect: no password specified (GM.pwn:11047 -> GM.pwn:11047 -> C:\Users\aguss\Downloads\pawno\include\VOICE123.inc:13 -> C:\Users\aguss\Downloads\pawno\include\Pawn.RakNet.inc:902 -> C:\Users\aguss\Downloads\pawno\include\sscanf2.inc:210)
[19:13:42] [WARNING] mysql_connect: no password specified (C:\Users\aguss\Downloads\PROJECT TEMPLATE\gamemodes\GM.pwn:11077 -> C:\Users\aguss\Downloads\PROJECT TEMPLATE\gamemodes\GM.pwn:11077 -> C:\Users\aguss\Downloads\PROJECT TEMPLATE\pawno\include\VOICE123.inc:13 -> C:\Users\aguss\Downloads\PROJECT TEMPLATE\pawno\include\Pawn.RakNet.inc:902 -> C:\Users\aguss\Downloads\PROJECT TEMPLATE\pawno\include\sscanf2.inc:210)
[19:17:35] [WARNING] mysql_connect: no password specified (C:\Users\aguss\Downloads\PROJECT TEMPLATE\gamemodes\GM.pwn:11077 -> C:\Users\aguss\Downloads\PROJECT TEMPLATE\gamemodes\GM.pwn:11077 -> C:\Users\aguss\Downloads\PROJECT TEMPLATE\pawno\include\VOICE123.inc:13 -> C:\Users\aguss\Downloads\PROJECT TEMPLATE\pawno\include\Pawn.RakNet.inc:902 -> C:\Users\aguss\Downloads\PROJECT TEMPLATE\pawno\include\sscanf2.inc:210)
[17:07:28] [WARNING] mysql_connect: no password specified (GM.pwn:10864 -> GM.pwn:10864 -> C:\Users\aguss\Downloads\pawno\include\VOICE123.inc:13 -> C:\Users\aguss\Downloads\pawno\include\Pawn.RakNet.inc:902 -> C:\Users\aguss\Downloads\pawno\include\sscanf2.inc:210)
[17:12:47] [WARNING] mysql_connect: no password specified (GM.pwn:10866 -> GM.pwn:10866 -> C:\Users\aguss\Downloads\pawno\include\VOICE123.inc:13 -> C:\Users\aguss\Downloads\pawno\include\Pawn.RakNet.inc:902 -> C:\Users\aguss\Downloads\pawno\include\sscanf2.inc:210)
[17:13:25] [WARNING] mysql_connect: no password specified (GM.pwn:10866 -> GM.pwn:10866 -> C:\Users\aguss\Downloads\pawno\include\VOICE123.inc:13 -> C:\Users\aguss\Downloads\pawno\include\Pawn.RakNet.inc:902 -> C:\Users\aguss\Downloads\pawno\include\sscanf2.inc:210)
[17:15:45] [WARNING] mysql_connect: no password specified (GM.pwn:10866 -> GM.pwn:10866 -> C:\Users\aguss\Downloads\pawno\include\VOICE123.inc:13 -> C:\Users\aguss\Downloads\pawno\include\Pawn.RakNet.inc:902 -> C:\Users\aguss\Downloads\pawno\include\sscanf2.inc:210)
[17:18:04] [WARNING] mysql_connect: no password specified (GM.pwn:10867 -> GM.pwn:10867 -> C:\Users\aguss\Downloads\pawno\include\VOICE123.inc:13 -> C:\Users\aguss\Downloads\pawno\include\Pawn.RakNet.inc:902 -> C:\Users\aguss\Downloads\pawno\include\sscanf2.inc:210)
[18:14:54] [WARNING] mysql_connect: no password specified (GM.pwn:8438 -> GM.pwn:8438 -> C:\Users\aguss\Downloads\pawno\include\VOICE123.inc:13 -> C:\Users\aguss\Downloads\pawno\include\Pawn.RakNet.inc:902 -> C:\Users\aguss\Downloads\pawno\include\sscanf2.inc:210)
[18:17:10] [WARNING] mysql_connect: no password specified (GM.pwn:8438 -> GM.pwn:8438 -> C:\Users\aguss\Downloads\pawno\include\VOICE123.inc:13 -> C:\Users\aguss\Downloads\pawno\include\Pawn.RakNet.inc:902 -> C:\Users\aguss\Downloads\pawno\include\sscanf2.inc:210)
[19:13:17] [WARNING] mysql_connect: no password specified (GM.pwn:11329 -> GM.pwn:11329 -> C:\Users\aguss\Downloads\pawno\include\VOICE123.inc:13 -> C:\Users\aguss\Downloads\pawno\include\Pawn.RakNet.inc:902 -> C:\Users\aguss\Downloads\pawno\include\sscanf2.inc:210)
[20:00:05] [WARNING] mysql_connect: no password specified (GM.pwn:11329 -> GM.pwn:11329 -> C:\Users\aguss\Downloads\pawno\include\VOICE123.inc:13 -> C:\Users\aguss\Downloads\pawno\include\Pawn.RakNet.inc:902 -> C:\Users\aguss\Downloads\pawno\include\sscanf2.inc:210)
[20:01:12] [WARNING] mysql_connect: no password specified (GM.pwn:11329 -> GM.pwn:11329 -> C:\Users\aguss\Downloads\pawno\include\VOICE123.inc:13 -> C:\Users\aguss\Downloads\pawno\include\Pawn.RakNet.inc:902 -> C:\Users\aguss\Downloads\pawno\include\sscanf2.inc:210)
[20:14:10] [WARNING] mysql_connect: no password specified (GM.pwn:11382 -> GM.pwn:11382 -> C:\Users\aguss\Downloads\pawno\include\VOICE123.inc:13 -> C:\Users\aguss\Downloads\pawno\include\Pawn.RakNet.inc:902 -> C:\Users\aguss\Downloads\pawno\include\sscanf2.inc:210)
[20:17:23] [WARNING] mysql_connect: no password specified (GM.pwn:11382 -> GM.pwn:11382 -> C:\Users\aguss\Downloads\pawno\include\VOICE123.inc:13 -> C:\Users\aguss\Downloads\pawno\include\Pawn.RakNet.inc:902 -> C:\Users\aguss\Downloads\pawno\include\sscanf2.inc:210)
[20:39:53] [WARNING] mysql_connect: no password specified (GM.pwn:11382 -> GM.pwn:11382 -> C:\Users\aguss\Downloads\pawno\include\VOICE123.inc:13 -> C:\Users\aguss\Downloads\pawno\include\Pawn.RakNet.inc:902 -> C:\Users\aguss\Downloads\pawno\include\sscanf2.inc:210)
[20:50:12] [WARNING] mysql_connect: no password specified (GM.pwn:11411 -> GM.pwn:11411 -> C:\Users\aguss\Downloads\pawno\include\VOICE123.inc:13 -> C:\Users\aguss\Downloads\pawno\include\Pawn.RakNet.inc:902 -> C:\Users\aguss\Downloads\pawno\include\sscanf2.inc:210)
[14:53:53] [WARNING] mysql_connect: no password specified (GM.pwn:6464 -> GM.pwn:6464 -> C:\Users\aguss\Downloads\pawno\include\Pawn.RakNet.inc:902 -> C:\Users\aguss\Downloads\pawno\include\sscanf2.inc:210)
[15:01:13] [WARNING] mysql_connect: no password specified (GM.pwn:6442 -> GM.pwn:6442 -> C:\Users\aguss\Downloads\pawno\include\Pawn.RakNet.inc:902 -> C:\Users\aguss\Downloads\pawno\include\sscanf2.inc:210)
[15:06:40] [WARNING] mysql_connect: no password specified (GM.pwn:6452 -> GM.pwn:6452 -> C:\Users\aguss\Downloads\pawno\include\Pawn.RakNet.inc:902 -> C:\Users\aguss\Downloads\pawno\include\sscanf2.inc:210)
[15:12:25] [WARNING] mysql_connect: no password specified (GM.pwn:6454 -> GM.pwn:6454 -> C:\Users\aguss\Downloads\pawno\include\Pawn.RakNet.inc:902 -> C:\Users\aguss\Downloads\pawno\include\sscanf2.inc:210)
[15:21:26] [WARNING] mysql_connect: no password specified (GM.pwn:6487 -> GM.pwn:6487 -> C:\Users\aguss\Downloads\pawno\include\Pawn.RakNet.inc:902 -> C:\Users\aguss\Downloads\pawno\include\sscanf2.inc:210)
[15:33:08] [WARNING] mysql_connect: no password specified (GM.pwn:6488 -> GM.pwn:6488 -> C:\Users\aguss\Downloads\pawno\include\Pawn.RakNet.inc:902 -> C:\Users\aguss\Downloads\pawno\include\sscanf2.inc:210)
[15:33:14] [WARNING] mysql_connect: no password specified (GM.pwn:6488 -> GM.pwn:6488 -> C:\Users\aguss\Downloads\pawno\include\Pawn.RakNet.inc:902 -> C:\Users\aguss\Downloads\pawno\include\sscanf2.inc:210)
[15:36:25] [WARNING] mysql_connect: no password specified (GM.pwn:6488 -> GM.pwn:6488 -> C:\Users\aguss\Downloads\pawno\include\Pawn.RakNet.inc:902 -> C:\Users\aguss\Downloads\pawno\include\sscanf2.inc:210)
[15:40:50] [WARNING] mysql_connect: no password specified (GM.pwn:6497 -> GM.pwn:6497 -> C:\Users\aguss\Downloads\pawno\include\Pawn.RakNet.inc:902 -> C:\Users\aguss\Downloads\pawno\include\sscanf2.inc:210)
[19:29:15] [WARNING] mysql_connect: no password specified (GM.pwn:6686 -> GM.pwn:6686 -> C:\Users\aguss\Downloads\pawno\include\Pawn.RakNet.inc:902 -> C:\Users\aguss\Downloads\pawno\include\sscanf2.inc:210)
[13:56:41] [WARNING] mysql_connect: no password specified (GM.pwn:6686 -> GM.pwn:6686 -> C:\Users\aguss\Downloads\pawno\include\Pawn.RakNet.inc:902 -> C:\Users\aguss\Downloads\pawno\include\sscanf2.inc:210)
[14:11:13] [WARNING] mysql_connect: no password specified (GM.pwn:6722 -> GM.pwn:6722 -> C:\Users\aguss\Downloads\pawno\include\Pawn.RakNet.inc:902 -> C:\Users\aguss\Downloads\pawno\include\sscanf2.inc:210)
[14:12:35] [WARNING] mysql_connect: no password specified (GM.pwn:6722 -> GM.pwn:6722 -> C:\Users\aguss\Downloads\pawno\include\Pawn.RakNet.inc:902 -> C:\Users\aguss\Downloads\pawno\include\sscanf2.inc:210)
[14:26:42] [WARNING] mysql_connect: no password specified (GM.pwn:6736 -> GM.pwn:6736 -> C:\Users\aguss\Downloads\pawno\include\Pawn.RakNet.inc:902 -> C:\Users\aguss\Downloads\pawno\include\sscanf2.inc:210)
[14:28:08] [WARNING] mysql_connect: no password specified (GM.pwn:6737 -> GM.pwn:6737 -> C:\Users\aguss\Downloads\pawno\include\Pawn.RakNet.inc:902 -> C:\Users\aguss\Downloads\pawno\include\sscanf2.inc:210)
[14:36:11] [WARNING] mysql_connect: no password specified (GM.pwn:6759 -> GM.pwn:6759 -> C:\Users\aguss\Downloads\pawno\include\Pawn.RakNet.inc:902 -> C:\Users\aguss\Downloads\pawno\include\sscanf2.inc:210)
[15:06:57] [WARNING] mysql_connect: no password specified (GM.pwn:6281 -> GM.pwn:6281 -> C:\Users\aguss\Downloads\pawno\include\Pawn.RakNet.inc:902 -> C:\Users\aguss\Downloads\pawno\include\sscanf2.inc:210)
[15:11:02] [WARNING] mysql_connect: no password specified (GM.pwn:6281 -> GM.pwn:6281 -> C:\Users\aguss\Downloads\pawno\include\Pawn.RakNet.inc:902 -> C:\Users\aguss\Downloads\pawno\include\sscanf2.inc:210)
[15:36:06] [WARNING] mysql_connect: no password specified (GM.pwn:6282 -> GM.pwn:6282 -> C:\Users\aguss\Downloads\pawno\include\Pawn.RakNet.inc:902 -> C:\Users\aguss\Downloads\pawno\include\sscanf2.inc:210)
[15:37:50] [WARNING] mysql_connect: no password specified (GM.pwn:6282 -> GM.pwn:6282 -> C:\Users\aguss\Downloads\pawno\include\Pawn.RakNet.inc:902 -> C:\Users\aguss\Downloads\pawno\include\sscanf2.inc:210)
[15:38:57] [WARNING] mysql_connect: no password specified (GM.pwn:6282 -> GM.pwn:6282 -> C:\Users\aguss\Downloads\pawno\include\Pawn.RakNet.inc:902 -> C:\Users\aguss\Downloads\pawno\include\sscanf2.inc:210)
[15:40:00] [WARNING] mysql_connect: no password specified (GM.pwn:6282 -> GM.pwn:6282 -> C:\Users\aguss\Downloads\pawno\include\Pawn.RakNet.inc:902 -> C:\Users\aguss\Downloads\pawno\include\sscanf2.inc:210)
[15:41:07] [WARNING] mysql_connect: no password specified (GM.pwn:6282 -> GM.pwn:6282 -> C:\Users\aguss\Downloads\pawno\include\Pawn.RakNet.inc:902 -> C:\Users\aguss\Downloads\pawno\include\sscanf2.inc:210)
[16:21:50] [WARNING] mysql_connect: no password specified (GM.pwn:6293 -> GM.pwn:6293 -> C:\Users\aguss\Downloads\pawno\include\Pawn.RakNet.inc:902 -> C:\Users\aguss\Downloads\pawno\include\sscanf2.inc:210)
[16:44:53] [WARNING] mysql_connect: no password specified (GM.pwn:6333 -> GM.pwn:6333 -> C:\Users\aguss\Downloads\pawno\include\Pawn.RakNet.inc:902 -> C:\Users\aguss\Downloads\pawno\include\sscanf2.inc:210)
[16:46:50] [WARNING] mysql_connect: no password specified (GM.pwn:6333 -> GM.pwn:6333 -> C:\Users\aguss\Downloads\pawno\include\Pawn.RakNet.inc:902 -> C:\Users\aguss\Downloads\pawno\include\sscanf2.inc:210)
[17:12:38] [WARNING] mysql_connect: no password specified (GM.pwn:6766 -> GM.pwn:6766 -> C:\Users\aguss\Downloads\pawno\include\Pawn.RakNet.inc:902 -> C:\Users\aguss\Downloads\pawno\include\sscanf2.inc:210)
[17:45:52] [WARNING] mysql_connect: no password specified (GM.pwn:7448 -> GM.pwn:7448 -> C:\Users\aguss\Downloads\pawno\include\Pawn.RakNet.inc:902 -> C:\Users\aguss\Downloads\pawno\include\sscanf2.inc:210)
[17:56:51] [WARNING] mysql_connect: no password specified (GM.pwn:6766 -> GM.pwn:6766 -> C:\Users\aguss\Downloads\pawno\include\Pawn.RakNet.inc:902 -> C:\Users\aguss\Downloads\pawno\include\sscanf2.inc:210)
[18:11:50] [WARNING] mysql_connect: no password specified (GM.pwn:7224 -> GM.pwn:7224 -> C:\Users\aguss\Downloads\pawno\include\Pawn.RakNet.inc:902 -> C:\Users\aguss\Downloads\pawno\include\sscanf2.inc:210)
[18:28:29] [WARNING] mysql_connect: no password specified (GM.pwn:7224 -> GM.pwn:7224 -> C:\Users\aguss\Downloads\pawno\include\Pawn.RakNet.inc:902 -> C:\Users\aguss\Downloads\pawno\include\sscanf2.inc:210)
[18:31:08] [WARNING] mysql_connect: no password specified (GM.pwn:7224 -> GM.pwn:7224 -> C:\Users\aguss\Downloads\pawno\include\Pawn.RakNet.inc:902 -> C:\Users\aguss\Downloads\pawno\include\sscanf2.inc:210)
[18:33:49] [WARNING] mysql_connect: no password specified (GM.pwn:7224 -> GM.pwn:7224 -> C:\Users\aguss\Downloads\pawno\include\Pawn.RakNet.inc:902 -> C:\Users\aguss\Downloads\pawno\include\sscanf2.inc:210)
[18:48:10] [WARNING] mysql_connect: no password specified (GM.pwn:7224 -> GM.pwn:7224 -> C:\Users\aguss\Downloads\pawno\include\Pawn.RakNet.inc:902 -> C:\Users\aguss\Downloads\pawno\include\sscanf2.inc:210)
[09:33:45] [WARNING] mysql_connect: no password specified (GM.pwn:7253 -> GM.pwn:7253 -> C:\Users\aguss\Downloads\pawno\include\Pawn.RakNet.inc:902 -> C:\Users\aguss\Downloads\pawno\include\sscanf2.inc:210)
[09:45:14] [WARNING] mysql_connect: no password specified (GM.pwn:7263 -> GM.pwn:7263 -> C:\Users\aguss\Downloads\pawno\include\Pawn.RakNet.inc:902 -> C:\Users\aguss\Downloads\pawno\include\sscanf2.inc:210)
[09:48:22] [WARNING] mysql_connect: no password specified (GM.pwn:7267 -> GM.pwn:7267 -> C:\Users\aguss\Downloads\pawno\include\Pawn.RakNet.inc:902 -> C:\Users\aguss\Downloads\pawno\include\sscanf2.inc:210)
[08:59:37] [WARNING] mysql_connect: no password specified (GM.pwn:7002 -> GM.pwn:7002 -> C:\Users\aguss\Downloads\pawno\include\Pawn.RakNet.inc:902 -> C:\Users\aguss\Downloads\pawno\include\sscanf2.inc:210)
[09:01:00] [WARNING] mysql_connect: no password specified (GM.pwn:7014 -> GM.pwn:7014 -> C:\Users\aguss\Downloads\pawno\include\Pawn.RakNet.inc:902 -> C:\Users\aguss\Downloads\pawno\include\sscanf2.inc:210)
[09:02:49] [WARNING] mysql_connect: no password specified (GM.pwn:7014 -> GM.pwn:7014 -> C:\Users\aguss\Downloads\pawno\include\Pawn.RakNet.inc:902 -> C:\Users\aguss\Downloads\pawno\include\sscanf2.inc:210)
[17:45:02] [WARNING] mysql_connect: no password specified (GM.pwn:7143 -> GM.pwn:7143 -> C:\Users\aguss\Downloads\pawno\include\Pawn.RakNet.inc:902 -> C:\Users\aguss\Downloads\pawno\include\sscanf2.inc:210)
[17:46:54] [WARNING] mysql_connect: no password specified (GM.pwn:7146 -> GM.pwn:7146 -> C:\Users\aguss\Downloads\pawno\include\Pawn.RakNet.inc:902 -> C:\Users\aguss\Downloads\pawno\include\sscanf2.inc:210)
[17:48:59] [WARNING] mysql_connect: no password specified (GM.pwn:7144 -> GM.pwn:7144 -> C:\Users\aguss\Downloads\pawno\include\Pawn.RakNet.inc:902 -> C:\Users\aguss\Downloads\pawno\include\sscanf2.inc:210)
[17:54:01] [WARNING] mysql_connect: no password specified (GM.pwn:7187 -> GM.pwn:7187 -> C:\Users\aguss\Downloads\pawno\include\Pawn.RakNet.inc:902 -> C:\Users\aguss\Downloads\pawno\include\sscanf2.inc:210)
[18:42:48] [WARNING] mysql_connect: no password specified (GM.pwn:8611 -> GM.pwn:8611 -> C:\Users\aguss\Downloads\pawno\include\Pawn.RakNet.inc:902 -> C:\Users\aguss\Downloads\pawno\include\sscanf2.inc:210)
[18:43:59] [ERROR] cache_get_value_name_int: field 'pSkck' not found (GM.pwn:8611)
[18:43:59] [ERROR] cache_get_value_name_int: field 'pCS' not found (GM.pwn:8611)
[18:44:49] [ERROR] error #1054 while executing query "UPDATE `accounts` SET `pLapar` = 95, `pHaus` = 95, `pKencing` = 95, `pSetSpawn` = 0, `pJob` = 0, `pBurger` = 5, `pJus` = 5, `pHBEMODE` = 3, `pHP` = '65.000', `pArmor` = '64.000', `pKTP` = 0, `pGPS` = 1, `pFPSMODE` = 2, `pPumkings` = 10002, `pPatron` = 0, `pMetall` = 0, `pUseCar` = 0, `pInGameHourSeconds` = 46, `pSkck` = 0, `pCS` = 1, `pNumber` = 0, `pSummaNumber` = 0, `pZakon` = 1, `pWanted` = 0, `pfWarn` = 0, `pMuted` = 0, `pUpdPlayer` = '0,0,0,0,0', `pPrison` = 0, `pMestoPrison` = 0, `pBolnica` = 0, `pInGameSeconds` = 290, pInGameAFKSeconds = 0, `pGun` = '0,0,0,0,0,0,0,0,0,0,0,0,0', `pAmmo` = '0,0,0,0,0,0,0,0,0,0,0,0,0', `pGunSkill` = '0,0,0,0,0,0', `pText` = 0, `pHeals` = 2, `pFrSkin` = 106, `pRouble` = 0, `pVip` = 0, `pVipTime` = 0 WHERE `pID` = 1": Unknown column 'pSkck' in 'field list' (GM.pwn:8611 -> GM.pwn:8611 -> C:\Users\aguss\Downloads\pawno\include\sscanf2.inc:265)
[19:55:59] [WARNING] mysql_connect: no password specified (GM.pwn:8611 -> GM.pwn:8611 -> C:\Users\aguss\Downloads\pawno\include\Pawn.RakNet.inc:902 -> C:\Users\aguss\Downloads\pawno\include\sscanf2.inc:210)
[20:06:28] [WARNING] mysql_connect: no password specified (GM.pwn:8875 -> GM.pwn:8875 -> C:\Users\aguss\Downloads\pawno\include\Pawn.RakNet.inc:902 -> C:\Users\aguss\Downloads\pawno\include\sscanf2.inc:210)
[20:09:33] [ERROR] cache_get_value_name_int: field 'pSkck' not found (GM.pwn:8875)
[20:09:33] [ERROR] cache_get_value_name_int: field 'pCS' not found (GM.pwn:8875)
[20:10:16] [ERROR] error #1054 while executing query "UPDATE `accounts` SET `pLapar` = 95, `pHaus` = 95, `pKencing` = 95, `pSetSpawn` = 0, `pJob` = 0, `pBurger` = 5, `pJus` = 5, `pHBEMODE` = 3, `pHP` = '65.000', `pArmor` = '64.000', `pKTP` = 0, `pGPS` = 1, `pFPSMODE` = 2, `pPumkings` = 10002, `pPatron` = 0, `pMetall` = 0, `pUseCar` = 0, `pInGameHourSeconds` = 39, `pSkck` = 0, `pCS` = 0, `pNumber` = 0, `pSummaNumber` = 0, `pZakon` = 1, `pWanted` = 0, `pfWarn` = 0, `pMuted` = 0, `pUpdPlayer` = '0,0,0,0,0', `pPrison` = 0, `pMestoPrison` = 0, `pBolnica` = 0, `pInGameSeconds` = 283, pInGameAFKSeconds = 2, `pGun` = '0,0,0,0,0,0,0,0,0,0,0,0,0', `pAmmo` = '0,0,0,0,0,0,0,0,0,0,0,0,0', `pGunSkill` = '0,0,0,0,0,0', `pText` = 0, `pHeals` = 2, `pFrSkin` = 106, `pRouble` = 0, `pVip` = 0, `pVipTime` = 0 WHERE `pID` = 1": Unknown column 'pSkck' in 'field list' (GM.pwn:8875 -> GM.pwn:8875 -> C:\Users\aguss\Downloads\pawno\include\sscanf2.inc:265)
[20:21:17] [WARNING] mysql_connect: no password specified (GM.pwn:9611 -> GM.pwn:9611 -> C:\Users\aguss\Downloads\pawno\include\Pawn.RakNet.inc:902 -> C:\Users\aguss\Downloads\pawno\include\sscanf2.inc:210)
[20:21:48] [ERROR] cache_get_value_name_int: field 'pSkck' not found (GM.pwn:9611)
[20:21:48] [ERROR] cache_get_value_name_int: field 'pCS' not found (GM.pwn:9611)
[20:22:42] [ERROR] error #1054 while executing query "UPDATE `accounts` SET `pLapar` = 95, `pHaus` = 95, `pKencing` = 95, `pSetSpawn` = 0, `pJob` = 0, `pBurger` = 5, `pJus` = 5, `pHBEMODE` = 3, `pHP` = '65.000', `pArmor` = '64.000', `pKTP` = 0, `pGPS` = 1, `pFPSMODE` = 2, `pPumkings` = 10002, `pPatron` = 0, `pMetall` = 0, `pUseCar` = 0, `pInGameHourSeconds` = 51, `pSkck` = 0, `pCS` = 0, `pNumber` = 121428, `pSummaNumber` = 0, `pZakon` = 1, `pWanted` = 0, `pfWarn` = 0, `pMuted` = 0, `pUpdPlayer` = '0,0,0,0,0', `pPrison` = 0, `pMestoPrison` = 0, `pBolnica` = 0, `pInGameSeconds` = 295, pInGameAFKSeconds = 0, `pGun` = '0,0,0,0,0,0,0,0,0,0,0,0,0', `pAmmo` = '0,0,0,0,0,0,0,0,0,0,0,0,0', `pGunSkill` = '0,0,0,0,0,0', `pText` = 0, `pHeals` = 2, `pFrSkin` = 106, `pRouble` = 0, `pVip` = 0, `pVipTime` = 0 WHERE `pID` = 1": Unknown column 'pSkck' in 'field list' (GM.pwn:9611 -> GM.pwn:9611 -> C:\Users\aguss\Downloads\pawno\include\sscanf2.inc:265)
[20:28:09] [WARNING] mysql_connect: no password specified (GM.pwn:9901 -> GM.pwn:9901 -> C:\Users\aguss\Downloads\pawno\include\Pawn.RakNet.inc:902 -> C:\Users\aguss\Downloads\pawno\include\sscanf2.inc:210)
[20:28:42] [ERROR] cache_get_value_name_int: field 'pSkck' not found (GM.pwn:9901)
[20:28:42] [ERROR] cache_get_value_name_int: field 'pCS' not found (GM.pwn:9901)
[20:29:07] [ERROR] error #1054 while executing query "UPDATE `accounts` SET `pLapar` = 95, `pHaus` = 95, `pKencing` = 95, `pSetSpawn` = 0, `pJob` = 0, `pBurger` = 5, `pJus` = 5, `pHBEMODE` = 3, `pHP` = '65.000', `pArmor` = '64.000', `pKTP` = 0, `pGPS` = 1, `pFPSMODE` = 2, `pPumkings` = 10002, `pPatron` = 0, `pMetall` = 0, `pUseCar` = 0, `pInGameHourSeconds` = 23, `pSkck` = 0, `pCS` = 0, `pNumber` = 121428, `pSummaNumber` = 0, `pZakon` = 1, `pWanted` = 0, `pfWarn` = 0, `pMuted` = 0, `pUpdPlayer` = '0,0,0,0,0', `pPrison` = 0, `pMestoPrison` = 0, `pBolnica` = 0, `pInGameSeconds` = 267, pInGameAFKSeconds = 0, `pGun` = '0,0,0,0,0,0,0,0,0,0,0,0,0', `pAmmo` = '0,0,0,0,0,0,0,0,0,0,0,0,0', `pGunSkill` = '0,0,0,0,0,0', `pText` = 0, `pHeals` = 2, `pFrSkin` = 106, `pRouble` = 0, `pVip` = 0, `pVipTime` = 0 WHERE `pID` = 1": Unknown column 'pSkck' in 'field list' (GM.pwn:9901 -> GM.pwn:9901 -> C:\Users\aguss\Downloads\pawno\include\sscanf2.inc:265)
[20:30:44] [WARNING] mysql_connect: no password specified (GM.pwn:9981 -> GM.pwn:9981 -> C:\Users\aguss\Downloads\pawno\include\Pawn.RakNet.inc:902 -> C:\Users\aguss\Downloads\pawno\include\sscanf2.inc:210)
[20:31:16] [ERROR] cache_get_value_name_int: field 'pSkck' not found (GM.pwn:9981)
[20:31:16] [ERROR] cache_get_value_name_int: field 'pCS' not found (GM.pwn:9981)
[20:31:34] [ERROR] error #1054 while executing query "UPDATE `accounts` SET `pLapar` = 95, `pHaus` = 95, `pKencing` = 95, `pSetSpawn` = 0, `pJob` = 0, `pBurger` = 5, `pJus` = 5, `pHBEMODE` = 3, `pHP` = '65.000', `pArmor` = '64.000', `pKTP` = 0, `pGPS` = 1, `pFPSMODE` = 2, `pPumkings` = 10002, `pPatron` = 0, `pMetall` = 0, `pUseCar` = 0, `pInGameHourSeconds` = 18, `pSkck` = 0, `pCS` = 0, `pNumber` = 121428, `pSummaNumber` = 0, `pZakon` = 1, `pWanted` = 0, `pfWarn` = 0, `pMuted` = 0, `pUpdPlayer` = '0,0,0,0,0', `pPrison` = 0, `pMestoPrison` = 0, `pBolnica` = 0, `pInGameSeconds` = 262, pInGameAFKSeconds = 0, `pGun` = '0,0,0,0,0,0,0,0,0,0,0,0,0', `pAmmo` = '0,0,0,0,0,0,0,0,0,0,0,0,0', `pGunSkill` = '0,0,0,0,0,0', `pText` = 0, `pHeals` = 2, `pFrSkin` = 106, `pRouble` = 0, `pVip` = 0, `pVipTime` = 0 WHERE `pID` = 1": Unknown column 'pSkck' in 'field list' (GM.pwn:9981 -> GM.pwn:9981 -> C:\Users\aguss\Downloads\pawno\include\sscanf2.inc:265)
[20:32:33] [WARNING] mysql_connect: no password specified (GM.pwn:10020 -> GM.pwn:10020 -> C:\Users\aguss\Downloads\pawno\include\Pawn.RakNet.inc:902 -> C:\Users\aguss\Downloads\pawno\include\sscanf2.inc:210)
[20:33:05] [ERROR] cache_get_value_name_int: field 'pSkck' not found (GM.pwn:10020)
[20:33:05] [ERROR] cache_get_value_name_int: field 'pCS' not found (GM.pwn:10020)
[20:34:03] [ERROR] error #1054 while executing query "UPDATE `accounts` SET `pLapar` = 95, `pHaus` = 95, `pKencing` = 95, `pSetSpawn` = 0, `pJob` = 0, `pBurger` = 5, `pJus` = 5, `pHBEMODE` = 3, `pHP` = '65.000', `pArmor` = '64.000', `pKTP` = 0, `pGPS` = 1, `pFPSMODE` = 2, `pPumkings` = 10002, `pPatron` = 0, `pMetall` = 0, `pUseCar` = 0, `pInGameHourSeconds` = 55, `pSkck` = 0, `pCS` = 0, `pNumber` = 121428, `pSummaNumber` = 0, `pZakon` = 1, `pWanted` = 0, `pfWarn` = 0, `pMuted` = 0, `pUpdPlayer` = '0,0,0,0,0', `pPrison` = 0, `pMestoPrison` = 0, `pBolnica` = 0, `pInGameSeconds` = 299, pInGameAFKSeconds = 0, `pGun` = '0,0,0,0,0,0,0,0,0,0,0,0,0', `pAmmo` = '0,0,0,0,0,0,0,0,0,0,0,0,0', `pGunSkill` = '0,0,0,0,0,0', `pText` = 0, `pHeals` = 2, `pFrSkin` = 106, `pRouble` = 0, `pVip` = 0, `pVipTime` = 0 WHERE `pID` = 1": Unknown column 'pSkck' in 'field list' (GM.pwn:10020 -> GM.pwn:10020 -> C:\Users\aguss\Downloads\pawno\include\sscanf2.inc:265)
[20:47:34] [WARNING] mysql_connect: no password specified (GM.pwn:11042 -> GM.pwn:11042 -> C:\Users\aguss\Downloads\pawno\include\Pawn.RakNet.inc:902 -> C:\Users\aguss\Downloads\pawno\include\sscanf2.inc:210)
[20:48:08] [ERROR] cache_get_value_name_int: field 'pSkck' not found (GM.pwn:11042)
[20:48:08] [ERROR] cache_get_value_name_int: field 'pCS' not found (GM.pwn:11042)
[20:51:08] [ERROR] error #1054 while executing query "UPDATE `accounts` SET `pLapar` = 95, `pHaus` = 95, `pKencing` = 95, `pSetSpawn` = 0, `pJob` = 0, `pBurger` = 5, `pJus` = 5, `pHBEMODE` = 3, `pHP` = '65.000', `pArmor` = '64.000', `pKTP` = 0, `pGPS` = 1, `pFPSMODE` = 2, `pPumkings` = 10002, `pPatron` = 0, `pMetall` = 0, `pUseCar` = 0, `pInGameHourSeconds` = 168, `pSkck` = 0, `pCS` = 0, `pNumber` = 121428, `pSummaNumber` = 0, `pZakon` = 1, `pWanted` = 0, `pfWarn` = 0, `pMuted` = 0, `pUpdPlayer` = '0,0,0,0,0', `pPrison` = 0, `pMestoPrison` = 0, `pBolnica` = 0, `pInGameSeconds` = 412, pInGameAFKSeconds = 0, `pGun` = '0,0,0,0,0,0,0,0,0,0,0,0,0', `pAmmo` = '0,0,0,0,0,0,0,0,0,0,0,0,0', `pGunSkill` = '0,0,0,0,0,0', `pText` = 0, `pHeals` = 2, `pFrSkin` = 106, `pRouble` = 0, `pVip` = 0, `pVipTime` = 0 WHERE `pID` = 1": Unknown column 'pSkck' in 'field list' (GM.pwn:11042 -> GM.pwn:11042 -> C:\Users\aguss\Downloads\pawno\include\sscanf2.inc:265)
[22:17:42] [WARNING] mysql_connect: no password specified (GM.pwn:12892 -> GM.pwn:12892 -> C:\Users\aguss\Downloads\pawno\include\Pawn.RakNet.inc:902 -> C:\Users\aguss\Downloads\pawno\include\sscanf2.inc:210)
[22:18:10] [ERROR] cache_get_value_name_int: field 'pSkck' not found (GM.pwn:12892)
[22:18:10] [ERROR] cache_get_value_name_int: field 'pCS' not found (GM.pwn:12892)
[22:19:02] [ERROR] error #1054 while executing query "UPDATE `accounts` SET `pLapar` = 95, `pHaus` = 95, `pKencing` = 95, `pSetSpawn` = 0, `pJob` = 0, `pBurger` = 5, `pJus` = 5, `pHBEMODE` = 3, `pHP` = '65.000', `pArmor` = '64.000', `pKTP` = 0, `pGPS` = 1, `pFPSMODE` = 2, `pPumkings` = 10002, `pPatron` = 0, `pMetall` = 0, `pUseCar` = 0, `pInGameHourSeconds` = 49, `pSkck` = 0, `pCS` = 0, `pNumber` = 121428, `pSummaNumber` = 0, `pZakon` = 1, `pWanted` = 0, `pfWarn` = 0, `pMuted` = 0, `pUpdPlayer` = '0,0,0,0,0', `pPrison` = 0, `pMestoPrison` = 0, `pBolnica` = 0, `pInGameSeconds` = 293, pInGameAFKSeconds = 0, `pGun` = '0,0,0,0,0,0,0,0,0,0,0,0,0', `pAmmo` = '0,0,0,0,0,0,0,0,0,0,0,0,0', `pGunSkill` = '0,0,0,0,0,0', `pText` = 0, `pHeals` = 2, `pFrSkin` = 106, `pRouble` = 0, `pVip` = 0, `pVipTime` = 0 WHERE `pID` = 1": Unknown column 'pSkck' in 'field list' (GM.pwn:12892 -> GM.pwn:12892 -> C:\Users\aguss\Downloads\pawno\include\sscanf2.inc:265)
[22:20:11] [WARNING] mysql_connect: no password specified (GM.pwn:12891 -> GM.pwn:12891 -> C:\Users\aguss\Downloads\pawno\include\Pawn.RakNet.inc:902 -> C:\Users\aguss\Downloads\pawno\include\sscanf2.inc:210)
[22:22:04] [WARNING] mysql_connect: no password specified (GM.pwn:12891 -> GM.pwn:12891 -> C:\Users\aguss\Downloads\pawno\include\Pawn.RakNet.inc:902 -> C:\Users\aguss\Downloads\pawno\include\sscanf2.inc:210)
[22:25:53] [WARNING] mysql_connect: no password specified (GM.pwn:12902 -> GM.pwn:12902 -> C:\Users\aguss\Downloads\pawno\include\Pawn.RakNet.inc:902 -> C:\Users\aguss\Downloads\pawno\include\sscanf2.inc:210)
[22:33:45] [WARNING] mysql_connect: no password specified (GM.pwn:12903 -> GM.pwn:12903 -> C:\Users\aguss\Downloads\pawno\include\Pawn.RakNet.inc:902 -> C:\Users\aguss\Downloads\pawno\include\sscanf2.inc:210)
[23:07:52] [WARNING] mysql_connect: no password specified (GM.pwn:12960 -> GM.pwn:12960 -> C:\Users\aguss\Downloads\pawno\include\VOICE123.inc:13 -> C:\Users\aguss\Downloads\pawno\include\Pawn.RakNet.inc:902 -> C:\Users\aguss\Downloads\pawno\include\sscanf2.inc:210)
[18:43:32] [WARNING] mysql_connect: no password specified (GM.pwn:12960 -> GM.pwn:12960 -> C:\Users\aguss\Downloads\pawno\include\VOICE123.inc:13 -> C:\Users\aguss\Downloads\pawno\include\Pawn.RakNet.inc:902 -> C:\Users\aguss\Downloads\pawno\include\sscanf2.inc:210)
[18:32:06] [WARNING] mysql_connect: no password specified (GM.pwn:12097 -> GM.pwn:12097 -> C:\Users\aguss\Downloads\pawno\include\Pawn.RakNet.inc:902 -> C:\Users\aguss\Downloads\pawno\include\sscanf2.inc:210)
[18:41:39] [WARNING] mysql_connect: no password specified (GM.pwn:12464 -> GM.pwn:12464 -> C:\Users\aguss\Downloads\pawno\include\Pawn.RakNet.inc:902 -> C:\Users\aguss\Downloads\pawno\include\sscanf2.inc:210)
[18:15:08] [WARNING] mysql_connect: no password specified (GM.pwn:12782 -> GM.pwn:12782 -> C:\Users\aguss\Downloads\pawno\include\Pawn.RakNet.inc:902 -> C:\Users\aguss\Downloads\pawno\include\sscanf2.inc:210)
[19:50:21] [WARNING] mysql_connect: no password specified (GM.pwn:16209 -> GM.pwn:16209 -> C:\Users\aguss\Downloads\pawno\include\Pawn.RakNet.inc:902 -> C:\Users\aguss\Downloads\pawno\include\sscanf2.inc:210)
[19:51:30] [ERROR] cache_get_value_name_int: field 'pSusuSapi' not found (GM.pwn:16209)
[19:53:17] [ERROR] error #1054 while executing query "UPDATE `accounts` SET `pLapar` = 94, `pHaus` = 94, `pKencing` = 94, `pSetSpawn` = 0, `pJob` = 0, `pBurger` = 5, `pJus` = 5, `pHBEMODE` = 3, `pHP` = '100.000', `pArmor` = '0.000', `pKTP` = 0, `pGPS` = 1, `pFPSMODE` = 2, `pPumkings` = 10002, `pSusuSapi` = 0, `pPatron` = 0, `pMetall` = 0, `pUseCar` = 0, `pInGameHourSeconds` = 100, `pSkck` = 1, `pCS` = 1, `pNumber` = 121428, `pSummaNumber` = 0, `pZakon` = 1, `pWanted` = 0, `pfWarn` = 0, `pMuted` = 0, `pUpdPlayer` = '0,0,0,0,0', `pPrison` = 0, `pMestoPrison` = 0, `pBolnica` = 0, `pInGameSeconds` = 223, pInGameAFKSeconds = 7, `pGun` = '0,0,0,0,0,0,0,35,16,0,0,0,0', `pAmmo` = '0,0,0,0,0,0,0,0,0,0,0,0,0', `pGunSkill` = '0,0,0,0,0,0', `pText` = 0, `pHeals` = 2, `pFrSkin` = 106, `pRouble` = 0, `pVip` = 0, `pVipTime` = 0 WHERE `pID` = 1": Unknown column 'pSusuSapi' in 'field list' (GM.pwn:16209 -> GM.pwn:16209 -> C:\Users\aguss\Downloads\pawno\include\sscanf2.inc:265)
[19:54:39] [ERROR] cache_get_value_name_int: field 'pSusuSapi' not found (GM.pwn:16209)
[19:55:19] [ERROR] error #1054 while executing query "UPDATE `accounts` SET `pLapar` = 94, `pHaus` = 94, `pKencing` = 94, `pSetSpawn` = 0, `pJob` = 0, `pBurger` = 5, `pJus` = 5, `pHBEMODE` = 3, `pHP` = '100.000', `pArmor` = '0.000', `pKTP` = 0, `pGPS` = 1, `pFPSMODE` = 2, `pPumkings` = 10002, `pSusuSapi` = 0, `pPatron` = 0, `pMetall` = 0, `pUseCar` = 0, `pInGameHourSeconds` = 38, `pSkck` = 1, `pCS` = 1, `pNumber` = 121428, `pSummaNumber` = 0, `pZakon` = 1, `pWanted` = 0, `pfWarn` = 0, `pMuted` = 0, `pUpdPlayer` = '0,0,0,0,0', `pPrison` = 0, `pMestoPrison` = 0, `pBolnica` = 0, `pInGameSeconds` = 161, pInGameAFKSeconds = 3, `pGun` = '0,0,0,0,0,0,0,35,16,0,0,0,0', `pAmmo` = '0,0,0,0,0,0,0,0,0,0,0,0,0', `pGunSkill` = '0,0,0,0,0,0', `pText` = 0, `pHeals` = 2, `pFrSkin` = 106, `pRouble` = 0, `pVip` = 0, `pVipTime` = 0 WHERE `pID` = 1": Unknown column 'pSusuSapi' in 'field list' (GM.pwn:16209 -> GM.pwn:16209 -> C:\Users\aguss\Downloads\pawno\include\sscanf2.inc:265)
[19:59:06] [ERROR] cache_get_value_name_int: field 'pSusuSapi' not found (GM.pwn:16209)
[20:00:04] [ERROR] error #1054 while executing query "UPDATE `accounts` SET `pLapar` = 94, `pHaus` = 94, `pKencing` = 94, `pSetSpawn` = 0, `pJob` = 0, `pBurger` = 5, `pJus` = 5, `pHBEMODE` = 3, `pHP` = '100.000', `pArmor` = '0.000', `pKTP` = 0, `pGPS` = 1, `pFPSMODE` = 2, `pPumkings` = 10002, `pSusuSapi` = 0, `pPatron` = 0, `pMetall` = 0, `pUseCar` = 0, `pInGameHourSeconds` = 4, `pSkck` = 1, `pCS` = 1, `pNumber` = 121428, `pSummaNumber` = 0, `pZakon` = 2, `pWanted` = 0, `pfWarn` = 0, `pMuted` = 0, `pUpdPlayer` = '0,0,0,0,0', `pPrison` = 0, `pMestoPrison` = 0, `pBolnica` = 0, `pInGameSeconds` = 177, pInGameAFKSeconds = 8, `pGun` = '0,0,0,0,0,0,0,35,16,0,0,0,0', `pAmmo` = '0,0,0,0,0,0,0,0,0,0,0,0,0', `pGunSkill` = '0,0,0,0,0,0', `pText` = 0, `pHeals` = 2, `pFrSkin` = 106, `pRouble` = 0, `pVip` = 0, `pVipTime` = 0 WHERE `pID` = 1": Unknown column 'pSusuSapi' in 'field list' (GM.pwn:16209 -> GM.pwn:16209 -> C:\Users\aguss\Downloads\pawno\include\sscanf2.inc:265)
[21:05:15] [WARNING] mysql_connect: no password specified (GM.pwn:16171 -> GM.pwn:16171 -> C:\Users\aguss\Downloads\pawno\include\Pawn.RakNet.inc:902 -> C:\Users\aguss\Downloads\pawno\include\sscanf2.inc:210)
[21:05:44] [ERROR] cache_get_value_name_int: field 'pSusuSapi' not found (GM.pwn:16171)
[21:06:10] [ERROR] error #1054 while executing query "UPDATE `accounts` SET `pLapar` = 94, `pHaus` = 94, `pKencing` = 94, `pSetSpawn` = 0, `pJob` = 0, `pBurger` = 5, `pJus` = 5, `pHBEMODE` = 3, `pHP` = '100.000', `pArmor` = '0.000', `pKTP` = 0, `pGPS` = 1, `pFPSMODE` = 2, `pPumkings` = 10002, `pSusuSapi` = 0, `pPatron` = 0, `pMetall` = 0, `pUseCar` = 0, `pInGameHourSeconds` = 24, `pSkck` = 1, `pCS` = 1, `pNumber` = 121428, `pSummaNumber` = 0, `pZakon` = 1, `pWanted` = 0, `pfWarn` = 0, `pMuted` = 0, `pUpdPlayer` = '0,0,0,0,0', `pPrison` = 0, `pMestoPrison` = 0, `pBolnica` = 0, `pInGameSeconds` = 147, pInGameAFKSeconds = 1, `pGun` = '0,0,0,0,0,0,0,35,16,0,0,0,0', `pAmmo` = '0,0,0,0,0,0,0,0,0,0,0,0,0', `pGunSkill` = '0,0,0,0,0,0', `pText` = 0, `pHeals` = 2, `pFrSkin` = 106, `pRouble` = 0, `pVip` = 0, `pVipTime` = 0 WHERE `pID` = 1": Unknown column 'pSusuSapi' in 'field list' (GM.pwn:16171 -> GM.pwn:16171 -> C:\Users\aguss\Downloads\pawno\include\sscanf2.inc:265)
[21:12:01] [WARNING] mysql_connect: no password specified (GM.pwn:16518 -> GM.pwn:16518 -> C:\Users\aguss\Downloads\pawno\include\Pawn.RakNet.inc:902 -> C:\Users\aguss\Downloads\pawno\include\sscanf2.inc:210)
[21:12:32] [ERROR] cache_get_value_name_int: field 'pSusuSapi' not found (GM.pwn:16518)
[21:13:24] [ERROR] error #1054 while executing query "UPDATE `accounts` SET `pLapar` = 94, `pHaus` = 94, `pKencing` = 94, `pSetSpawn` = 0, `pJob` = 0, `pBurger` = 5, `pJus` = 5, `pHBEMODE` = 3, `pHP` = '100.000', `pArmor` = '0.000', `pKTP` = 0, `pGPS` = 1, `pFPSMODE` = 2, `pPumkings` = 10002, `pSusuSapi` = 0, `pPatron` = 0, `pMetall` = 0, `pUseCar` = 0, `pInGameHourSeconds` = 48, `pSkck` = 1, `pCS` = 1, `pNumber` = 121428, `pSummaNumber` = 0, `pZakon` = 1, `pWanted` = 0, `pfWarn` = 0, `pMuted` = 0, `pUpdPlayer` = '0,0,0,0,0', `pPrison` = 0, `pMestoPrison` = 0, `pBolnica` = 0, `pInGameSeconds` = 171, pInGameAFKSeconds = 5, `pGun` = '0,0,0,0,0,0,0,35,16,0,0,0,0', `pAmmo` = '0,0,0,0,0,0,0,0,0,0,0,0,0', `pGunSkill` = '0,0,0,0,0,0', `pText` = 0, `pHeals` = 2, `pFrSkin` = 106, `pRouble` = 0, `pVip` = 0, `pVipTime` = 0 WHERE `pID` = 1": Unknown column 'pSusuSapi' in 'field list' (GM.pwn:16518 -> GM.pwn:16518 -> C:\Users\aguss\Downloads\pawno\include\sscanf2.inc:265)
[21:14:33] [WARNING] mysql_connect: no password specified (GM.pwn:16518 -> GM.pwn:16518 -> C:\Users\aguss\Downloads\pawno\include\Pawn.RakNet.inc:902 -> C:\Users\aguss\Downloads\pawno\include\sscanf2.inc:210)
[21:15:02] [ERROR] cache_get_value_name_int: field 'pSusuSapi' not found (GM.pwn:16518)
[21:15:39] [ERROR] error #1054 while executing query "UPDATE `accounts` SET `pLapar` = 94, `pHaus` = 94, `pKencing` = 94, `pSetSpawn` = 0, `pJob` = 0, `pBurger` = 5, `pJus` = 5, `pHBEMODE` = 3, `pHP` = '100.000', `pArmor` = '0.000', `pKTP` = 0, `pGPS` = 1, `pFPSMODE` = 2, `pPumkings` = 10002, `pSusuSapi` = 0, `pPatron` = 0, `pMetall` = 0, `pUseCar` = 0, `pInGameHourSeconds` = 34, `pSkck` = 1, `pCS` = 1, `pNumber` = 121428, `pSummaNumber` = 0, `pZakon` = 1, `pWanted` = 0, `pfWarn` = 0, `pMuted` = 0, `pUpdPlayer` = '0,0,0,0,0', `pPrison` = 0, `pMestoPrison` = 0, `pBolnica` = 0, `pInGameSeconds` = 157, pInGameAFKSeconds = 1, `pGun` = '0,0,0,0,0,0,0,35,16,0,0,0,0', `pAmmo` = '0,0,0,0,0,0,0,0,0,0,0,0,0', `pGunSkill` = '0,0,0,0,0,0', `pText` = 0, `pHeals` = 2, `pFrSkin` = 106, `pRouble` = 0, `pVip` = 0, `pVipTime` = 0 WHERE `pID` = 1": Unknown column 'pSusuSapi' in 'field list' (GM.pwn:16518 -> GM.pwn:16518 -> C:\Users\aguss\Downloads\pawno\include\sscanf2.inc:265)
[21:22:12] [WARNING] mysql_connect: no password specified (GM.pwn:16518 -> GM.pwn:16518 -> C:\Users\aguss\Downloads\pawno\include\Pawn.RakNet.inc:902 -> C:\Users\aguss\Downloads\pawno\include\sscanf2.inc:210)
[21:22:51] [ERROR] cache_get_value_name_int: field 'pSusuSapi' not found (GM.pwn:16518)
[21:25:14] [ERROR] error #1054 while executing query "UPDATE `accounts` SET `pLapar` = 94, `pHaus` = 94, `pKencing` = 94, `pSetSpawn` = 0, `pJob` = 0, `pBurger` = 5, `pJus` = 5, `pHBEMODE` = 3, `pHP` = '100.000', `pArmor` = '0.000', `pKTP` = 0, `pGPS` = 1, `pFPSMODE` = 2, `pPumkings` = 10002, `pSusuSapi` = 0, `pPatron` = 0, `pMetall` = 0, `pUseCar` = 0, `pInGameHourSeconds` = 134, `pSkck` = 1, `pCS` = 1, `pNumber` = 121428, `pSummaNumber` = 0, `pZakon` = 1, `pWanted` = 0, `pfWarn` = 0, `pMuted` = 0, `pUpdPlayer` = '0,0,0,0,0', `pPrison` = 0, `pMestoPrison` = 0, `pBolnica` = 0, `pInGameSeconds` = 257, pInGameAFKSeconds = 1, `pGun` = '0,0,0,0,0,0,0,35,16,0,0,0,0', `pAmmo` = '0,0,0,0,0,0,0,0,0,0,0,0,0', `pGunSkill` = '0,0,0,0,0,0', `pText` = 0, `pHeals` = 2, `pFrSkin` = 106, `pRouble` = 0, `pVip` = 0, `pVipTime` = 0 WHERE `pID` = 1": Unknown column 'pSusuSapi' in 'field list' (GM.pwn:16518 -> GM.pwn:16518 -> C:\Users\aguss\Downloads\pawno\include\sscanf2.inc:265)
[21:34:35] [WARNING] mysql_connect: no password specified (GM.pwn:16398 -> GM.pwn:16398 -> C:\Users\aguss\Downloads\pawno\include\Pawn.RakNet.inc:902 -> C:\Users\aguss\Downloads\pawno\include\sscanf2.inc:210)
[21:51:35] [WARNING] mysql_connect: no password specified (GM.pwn:16405 -> GM.pwn:16405 -> C:\Users\aguss\Downloads\pawno\include\Pawn.RakNet.inc:902 -> C:\Users\aguss\Downloads\pawno\include\sscanf2.inc:210)
[21:55:55] [WARNING] mysql_connect: no password specified (GM.pwn:16407 -> GM.pwn:16407 -> C:\Users\aguss\Downloads\pawno\include\Pawn.RakNet.inc:902 -> C:\Users\aguss\Downloads\pawno\include\sscanf2.inc:210)
[21:57:44] [WARNING] mysql_connect: no password specified (GM.pwn:16411 -> GM.pwn:16411 -> C:\Users\aguss\Downloads\pawno\include\Pawn.RakNet.inc:902 -> C:\Users\aguss\Downloads\pawno\include\sscanf2.inc:210)
[22:17:56] [WARNING] mysql_connect: no password specified (GM.pwn:16399 -> GM.pwn:16399 -> C:\Users\aguss\Downloads\pawno\include\Pawn.RakNet.inc:902 -> C:\Users\aguss\Downloads\pawno\include\sscanf2.inc:210)
[22:24:12] [WARNING] mysql_connect: no password specified (GM.pwn:16425 -> GM.pwn:16425 -> C:\Users\aguss\Downloads\pawno\include\VOICE123.inc:13 -> C:\Users\aguss\Downloads\pawno\include\Pawn.RakNet.inc:902 -> C:\Users\aguss\Downloads\pawno\include\sscanf2.inc:210)
[14:24:28] [WARNING] mysql_connect: no password specified (GM.pwn:16425 -> GM.pwn:16425 -> C:\Users\aguss\Downloads\pawno\include\VOICE123.inc:13 -> C:\Users\aguss\Downloads\pawno\include\Pawn.RakNet.inc:902 -> C:\Users\aguss\Downloads\pawno\include\sscanf2.inc:210)
[14:35:02] [WARNING] mysql_connect: no password specified (GM.pwn:16442 -> GM.pwn:16442 -> C:\Users\aguss\Downloads\pawno\include\VOICE123.inc:13 -> C:\Users\aguss\Downloads\pawno\include\Pawn.RakNet.inc:902 -> C:\Users\aguss\Downloads\pawno\include\sscanf2.inc:210)
[14:37:31] [WARNING] mysql_connect: no password specified (GM.pwn:16442 -> GM.pwn:16442 -> C:\Users\aguss\Downloads\pawno\include\VOICE123.inc:13 -> C:\Users\aguss\Downloads\pawno\include\Pawn.RakNet.inc:902 -> C:\Users\aguss\Downloads\pawno\include\sscanf2.inc:210)
[14:39:19] [WARNING] mysql_connect: no password specified (GM.pwn:16442 -> GM.pwn:16442 -> C:\Users\aguss\Downloads\pawno\include\VOICE123.inc:13 -> C:\Users\aguss\Downloads\pawno\include\Pawn.RakNet.inc:902 -> C:\Users\aguss\Downloads\pawno\include\sscanf2.inc:210)
[14:40:58] [WARNING] mysql_connect: no password specified (GM.pwn:16442 -> GM.pwn:16442 -> C:\Users\aguss\Downloads\pawno\include\VOICE123.inc:13 -> C:\Users\aguss\Downloads\pawno\include\Pawn.RakNet.inc:902 -> C:\Users\aguss\Downloads\pawno\include\sscanf2.inc:210)
[14:41:35] [WARNING] mysql_connect: no password specified (GM.pwn:16442 -> GM.pwn:16442 -> C:\Users\aguss\Downloads\pawno\include\VOICE123.inc:13 -> C:\Users\aguss\Downloads\pawno\include\Pawn.RakNet.inc:902 -> C:\Users\aguss\Downloads\pawno\include\sscanf2.inc:210)
[17:50:41] [WARNING] mysql_connect: no password specified (GM.pwn:14645 -> GM.pwn:14645 -> C:\Users\aguss\Downloads\pawno\include\Pawn.RakNet.inc:902 -> C:\Users\aguss\Downloads\pawno\include\sscanf2.inc:210)
[17:55:29] [WARNING] mysql_connect: no password specified (GM.pwn:14647 -> GM.pwn:14647 -> C:\Users\aguss\Downloads\pawno\include\Pawn.RakNet.inc:902 -> C:\Users\aguss\Downloads\pawno\include\sscanf2.inc:210)
[17:59:18] [WARNING] mysql_connect: no password specified (GM.pwn:14655 -> GM.pwn:14655 -> C:\Users\aguss\Downloads\pawno\include\Pawn.RakNet.inc:902 -> C:\Users\aguss\Downloads\pawno\include\sscanf2.inc:210)
[18:01:34] [WARNING] mysql_connect: no password specified (GM.pwn:14651 -> GM.pwn:14651 -> C:\Users\aguss\Downloads\pawno\include\Pawn.RakNet.inc:902 -> C:\Users\aguss\Downloads\pawno\include\sscanf2.inc:210)
[18:02:42] [WARNING] mysql_connect: no password specified (GM.pwn:14649 -> GM.pwn:14649 -> C:\Users\aguss\Downloads\pawno\include\Pawn.RakNet.inc:902 -> C:\Users\aguss\Downloads\pawno\include\sscanf2.inc:210)
[18:08:43] [WARNING] mysql_connect: no password specified (GM.pwn:14649 -> GM.pwn:14649 -> C:\Users\aguss\Downloads\pawno\include\Pawn.RakNet.inc:902 -> C:\Users\aguss\Downloads\pawno\include\sscanf2.inc:210)
[18:10:53] [WARNING] mysql_connect: no password specified (GM.pwn:14649 -> GM.pwn:14649 -> C:\Users\aguss\Downloads\pawno\include\Pawn.RakNet.inc:902 -> C:\Users\aguss\Downloads\pawno\include\sscanf2.inc:210)
[18:19:52] [WARNING] mysql_connect: no password specified (GM.pwn:14595 -> GM.pwn:14595 -> C:\Users\aguss\Downloads\pawno\include\Pawn.RakNet.inc:902 -> C:\Users\aguss\Downloads\pawno\include\sscanf2.inc:210)
[18:32:52] [WARNING] mysql_connect: no password specified (GM.pwn:14527 -> GM.pwn:14527 -> C:\Users\aguss\Downloads\pawno\include\Pawn.RakNet.inc:902 -> C:\Users\aguss\Downloads\pawno\include\sscanf2.inc:210)
[19:10:05] [WARNING] mysql_connect: no password specified (GM.pwn:14544 -> GM.pwn:14544 -> C:\Users\aguss\Downloads\pawno\include\Pawn.RakNet.inc:902 -> C:\Users\aguss\Downloads\pawno\include\sscanf2.inc:210)
[19:19:00] [WARNING] mysql_connect: no password specified (GM.pwn:14544 -> GM.pwn:14544 -> C:\Users\aguss\Downloads\pawno\include\Pawn.RakNet.inc:902 -> C:\Users\aguss\Downloads\pawno\include\sscanf2.inc:210)
[13:22:52] [WARNING] mysql_connect: no password specified (GM.pwn:14549 -> GM.pwn:14549 -> C:\Users\aguss\Downloads\pawno\include\Pawn.RakNet.inc:902 -> C:\Users\aguss\Downloads\pawno\include\sscanf2.inc:210)
[13:27:45] [WARNING] mysql_connect: no password specified (GM.pwn:14549 -> GM.pwn:14549 -> C:\Users\aguss\Downloads\pawno\include\Pawn.RakNet.inc:902 -> C:\Users\aguss\Downloads\pawno\include\sscanf2.inc:210)
[15:38:54] [WARNING] mysql_connect: no password specified (GM.pwn:14768 -> GM.pwn:14768 -> C:\Users\aguss\Downloads\pawno\include\Pawn.RakNet.inc:902 -> C:\Users\aguss\Downloads\pawno\include\sscanf2.inc:210)
[15:40:28] [WARNING] mysql_connect: no password specified (GM.pwn:14768 -> GM.pwn:14768 -> C:\Users\aguss\Downloads\pawno\include\Pawn.RakNet.inc:902 -> C:\Users\aguss\Downloads\pawno\include\sscanf2.inc:210)
[15:50:19] [WARNING] mysql_connect: no password specified (GM.pwn:14768 -> GM.pwn:14768 -> C:\Users\aguss\Downloads\pawno\include\Pawn.RakNet.inc:902 -> C:\Users\aguss\Downloads\pawno\include\sscanf2.inc:210)
[16:41:42] [WARNING] mysql_connect: no password specified (GM.pwn:14768 -> GM.pwn:14768 -> C:\Users\aguss\Downloads\pawno\include\Pawn.RakNet.inc:902 -> C:\Users\aguss\Downloads\pawno\include\sscanf2.inc:210)
[16:48:44] [WARNING] mysql_connect: no password specified (GM.pwn:14772 -> GM.pwn:14772 -> C:\Users\aguss\Downloads\pawno\include\Pawn.RakNet.inc:902 -> C:\Users\aguss\Downloads\pawno\include\sscanf2.inc:210)
[16:53:29] [WARNING] mysql_connect: no password specified (GM.pwn:14774 -> GM.pwn:14774 -> C:\Users\aguss\Downloads\pawno\include\Pawn.RakNet.inc:902 -> C:\Users\aguss\Downloads\pawno\include\sscanf2.inc:210)
[17:12:10] [WARNING] mysql_connect: no password specified (GM.pwn:14806 -> GM.pwn:14806 -> C:\Users\aguss\Downloads\pawno\include\Pawn.RakNet.inc:902 -> C:\Users\aguss\Downloads\pawno\include\sscanf2.inc:210)
[17:20:35] [WARNING] mysql_connect: no password specified (GM.pwn:14871 -> GM.pwn:14871 -> C:\Users\aguss\Downloads\pawno\include\Pawn.RakNet.inc:902 -> C:\Users\aguss\Downloads\pawno\include\sscanf2.inc:210)
[17:23:20] [WARNING] mysql_connect: no password specified (GM.pwn:14873 -> GM.pwn:14873 -> C:\Users\aguss\Downloads\pawno\include\Pawn.RakNet.inc:902 -> C:\Users\aguss\Downloads\pawno\include\sscanf2.inc:210)
[19:07:11] [WARNING] mysql_connect: no password specified (GM.pwn:14873 -> GM.pwn:14873 -> C:\Users\aguss\Downloads\pawno\include\Pawn.RakNet.inc:902 -> C:\Users\aguss\Downloads\pawno\include\sscanf2.inc:210)
[19:17:21] [WARNING] mysql_connect: no password specified (GM.pwn:14871 -> GM.pwn:14871 -> C:\Users\aguss\Downloads\pawno\include\Pawn.RakNet.inc:902 -> C:\Users\aguss\Downloads\pawno\include\sscanf2.inc:210)
[19:20:01] [WARNING] mysql_connect: no password specified (GM.pwn:14871 -> GM.pwn:14871 -> C:\Users\aguss\Downloads\pawno\include\Pawn.RakNet.inc:902 -> C:\Users\aguss\Downloads\pawno\include\sscanf2.inc:210)
[19:26:42] [WARNING] mysql_connect: no password specified (C:\Users\aguss\Downloads\PROJECT 2.7 MODERN\gamemodes\GM.pwn:14871 -> C:\Users\aguss\Downloads\PROJECT 2.7 MODERN\gamemodes\GM.pwn:14871 -> C:\Users\aguss\Downloads\PROJECT 2.7 MODERN\pawno\include\Pawn.RakNet.inc:902 -> C:\Users\aguss\Downloads\PROJECT 2.7 MODERN\pawno\include\sscanf2.inc:210)
[07:46:32] [WARNING] mysql_connect: no password specified (GM.pwn:14969 -> GM.pwn:14969 -> C:\Users\aguss\Downloads\pawno\include\Pawn.RakNet.inc:902 -> C:\Users\aguss\Downloads\pawno\include\sscanf2.inc:210)
[07:54:50] [WARNING] mysql_connect: no password specified (GM.pwn:14969 -> GM.pwn:14969 -> C:\Users\aguss\Downloads\pawno\include\Pawn.RakNet.inc:902 -> C:\Users\aguss\Downloads\pawno\include\sscanf2.inc:210)
[07:59:03] [WARNING] mysql_connect: no password specified (GM.pwn:14970 -> GM.pwn:14970 -> C:\Users\aguss\Downloads\pawno\include\Pawn.RakNet.inc:902 -> C:\Users\aguss\Downloads\pawno\include\sscanf2.inc:210)
[08:00:44] [WARNING] mysql_connect: no password specified (GM.pwn:14970 -> GM.pwn:14970 -> C:\Users\aguss\Downloads\pawno\include\Pawn.RakNet.inc:902 -> C:\Users\aguss\Downloads\pawno\include\sscanf2.inc:210)
[08:02:48] [WARNING] mysql_connect: no password specified (GM.pwn:14972 -> GM.pwn:14972 -> C:\Users\aguss\Downloads\pawno\include\Pawn.RakNet.inc:902 -> C:\Users\aguss\Downloads\pawno\include\sscanf2.inc:210)
[08:04:58] [WARNING] mysql_connect: no password specified (GM.pwn:14974 -> GM.pwn:14974 -> C:\Users\aguss\Downloads\pawno\include\Pawn.RakNet.inc:902 -> C:\Users\aguss\Downloads\pawno\include\sscanf2.inc:210)
[08:07:22] [WARNING] mysql_connect: no password specified (GM.pwn:14974 -> GM.pwn:14974 -> C:\Users\aguss\Downloads\pawno\include\Pawn.RakNet.inc:902 -> C:\Users\aguss\Downloads\pawno\include\sscanf2.inc:210)
[08:09:47] [WARNING] mysql_connect: no password specified (GM.pwn:14971 -> GM.pwn:14971 -> C:\Users\aguss\Downloads\pawno\include\Pawn.RakNet.inc:902 -> C:\Users\aguss\Downloads\pawno\include\sscanf2.inc:210)
[08:13:54] [WARNING] mysql_connect: no password specified (GM.pwn:14992 -> GM.pwn:14992 -> C:\Users\aguss\Downloads\pawno\include\Pawn.RakNet.inc:902 -> C:\Users\aguss\Downloads\pawno\include\sscanf2.inc:210)
[08:20:22] [WARNING] mysql_connect: no password specified (GM.pwn:14993 -> GM.pwn:14993 -> C:\Users\aguss\Downloads\pawno\include\Pawn.RakNet.inc:902 -> C:\Users\aguss\Downloads\pawno\include\sscanf2.inc:210)
[08:26:01] [WARNING] mysql_connect: no password specified (GM.pwn:14998 -> GM.pwn:14998 -> C:\Users\aguss\Downloads\pawno\include\Pawn.RakNet.inc:902 -> C:\Users\aguss\Downloads\pawno\include\sscanf2.inc:210)
[09:24:10] [WARNING] mysql_connect: no password specified (GM.pwn:15003 -> GM.pwn:15003 -> C:\Users\aguss\Downloads\pawno\include\Pawn.RakNet.inc:902 -> C:\Users\aguss\Downloads\pawno\include\sscanf2.inc:210)
[09:28:05] [WARNING] mysql_connect: no password specified (GM.pwn:15006 -> GM.pwn:15006 -> C:\Users\aguss\Downloads\pawno\include\Pawn.RakNet.inc:902 -> C:\Users\aguss\Downloads\pawno\include\sscanf2.inc:210)
[09:54:17] [WARNING] mysql_connect: no password specified (GM.pwn:15006 -> GM.pwn:15006 -> C:\Users\aguss\Downloads\pawno\include\Pawn.RakNet.inc:902 -> C:\Users\aguss\Downloads\pawno\include\sscanf2.inc:210)
[10:04:05] [WARNING] mysql_connect: no password specified (GM.pwn:15006 -> GM.pwn:15006 -> C:\Users\aguss\Downloads\pawno\include\Pawn.RakNet.inc:902 -> C:\Users\aguss\Downloads\pawno\include\sscanf2.inc:210)
[10:11:05] [WARNING] mysql_connect: no password specified (GM.pwn:15006 -> GM.pwn:15006 -> C:\Users\aguss\Downloads\pawno\include\Pawn.RakNet.inc:902 -> C:\Users\aguss\Downloads\pawno\include\sscanf2.inc:210)
[11:08:03] [WARNING] mysql_connect: no password specified (GM.pwn:15042 -> GM.pwn:15042 -> C:\Users\aguss\Downloads\pawno\include\Pawn.RakNet.inc:902 -> C:\Users\aguss\Downloads\pawno\include\sscanf2.inc:210)
[11:28:27] [WARNING] mysql_connect: no password specified (GM.pwn:15050 -> GM.pwn:15050 -> C:\Users\aguss\Downloads\pawno\include\Pawn.RakNet.inc:902 -> C:\Users\aguss\Downloads\pawno\include\sscanf2.inc:210)
[11:32:25] [WARNING] mysql_connect: no password specified (GM.pwn:15059 -> GM.pwn:15059 -> C:\Users\aguss\Downloads\pawno\include\Pawn.RakNet.inc:902 -> C:\Users\aguss\Downloads\pawno\include\sscanf2.inc:210)
[13:09:27] [WARNING] mysql_connect: no password specified (GM.pwn:15080 -> GM.pwn:15080 -> C:\Users\aguss\Downloads\pawno\include\Pawn.RakNet.inc:902 -> C:\Users\aguss\Downloads\pawno\include\sscanf2.inc:210)
[13:11:11] [WARNING] mysql_connect: no password specified (GM.pwn:15080 -> GM.pwn:15080 -> C:\Users\aguss\Downloads\pawno\include\Pawn.RakNet.inc:902 -> C:\Users\aguss\Downloads\pawno\include\sscanf2.inc:210)
[13:24:00] [WARNING] mysql_connect: no password specified (GM.pwn:15078 -> GM.pwn:15078 -> C:\Users\aguss\Downloads\pawno\include\Pawn.RakNet.inc:902 -> C:\Users\aguss\Downloads\pawno\include\sscanf2.inc:210)
[13:32:57] [WARNING] mysql_connect: no password specified (GM.pwn:15082 -> GM.pwn:15082 -> C:\Users\aguss\Downloads\pawno\include\Pawn.RakNet.inc:902 -> C:\Users\aguss\Downloads\pawno\include\sscanf2.inc:210)
[13:34:42] [WARNING] mysql_connect: no password specified (GM.pwn:15084 -> GM.pwn:15084 -> C:\Users\aguss\Downloads\pawno\include\Pawn.RakNet.inc:902 -> C:\Users\aguss\Downloads\pawno\include\sscanf2.inc:210)
[13:47:40] [WARNING] mysql_connect: no password specified (GM.pwn:15099 -> GM.pwn:15099 -> C:\Users\aguss\Downloads\pawno\include\Pawn.RakNet.inc:902 -> C:\Users\aguss\Downloads\pawno\include\sscanf2.inc:210)
[17:59:09] [WARNING] mysql_connect: no password specified (GM.pwn:15010 -> GM.pwn:15010 -> C:\Users\aguss\Downloads\pawno\include\Pawn.RakNet.inc:902 -> C:\Users\aguss\Downloads\pawno\include\sscanf2.inc:210)
[18:00:57] [WARNING] mysql_connect: no password specified (GM.pwn:15004 -> GM.pwn:15004 -> C:\Users\aguss\Downloads\pawno\include\Pawn.RakNet.inc:902 -> C:\Users\aguss\Downloads\pawno\include\sscanf2.inc:210)
[18:06:26] [WARNING] mysql_connect: no password specified (GM.pwn:15002 -> GM.pwn:15002 -> C:\Users\aguss\Downloads\pawno\include\Pawn.RakNet.inc:902 -> C:\Users\aguss\Downloads\pawno\include\sscanf2.inc:210)
[18:47:59] [WARNING] mysql_connect: no password specified (GM.pwn:14920 -> GM.pwn:14920 -> C:\Users\aguss\Downloads\pawno\include\Pawn.RakNet.inc:902 -> C:\Users\aguss\Downloads\pawno\include\sscanf2.inc:210)
[18:59:13] [WARNING] mysql_connect: no password specified (GM.pwn:15547 -> GM.pwn:15547 -> C:\Users\aguss\Downloads\pawno\include\Pawn.RakNet.inc:902 -> C:\Users\aguss\Downloads\pawno\include\sscanf2.inc:210)
[19:00:39] [WARNING] mysql_connect: no password specified (GM.pwn:15547 -> GM.pwn:15547 -> C:\Users\aguss\Downloads\pawno\include\Pawn.RakNet.inc:902 -> C:\Users\aguss\Downloads\pawno\include\sscanf2.inc:210)
[19:50:51] [WARNING] mysql_connect: no password specified (GM.pwn:15860 -> GM.pwn:15860 -> C:\Users\aguss\Downloads\pawno\include\Pawn.RakNet.inc:902 -> C:\Users\aguss\Downloads\pawno\include\sscanf2.inc:210)
[05:48:55] [WARNING] mysql_connect: no password specified (GM.pwn:16326 -> GM.pwn:16326 -> C:\Users\aguss\Downloads\pawno\include\Pawn.RakNet.inc:902 -> C:\Users\aguss\Downloads\pawno\include\sscanf2.inc:210)
[05:49:49] [ERROR] cache_get_value_name_int: field 'pDana' not found (GM.pwn:16326)
[05:49:49] [ERROR] cache_get_value_name_int: field 'pGopay' not found (GM.pwn:16326)
[05:49:49] [ERROR] cache_get_value_name_int: field 'pDwnDana' not found (GM.pwn:16326)
[05:49:49] [ERROR] cache_get_value_name_int: field 'pDwnGopay' not found (GM.pwn:16326)
[05:49:49] [ERROR] cache_get_value_name_int: field 'pDwnX' not found (GM.pwn:16326)
[05:55:53] [WARNING] mysql_connect: no password specified (GM.pwn:16327 -> GM.pwn:16327 -> C:\Users\aguss\Downloads\pawno\include\Pawn.RakNet.inc:902 -> C:\Users\aguss\Downloads\pawno\include\sscanf2.inc:210)
[05:56:57] [ERROR] cache_get_value_name_int: field 'pDana' not found (GM.pwn:16327)
[05:56:57] [ERROR] cache_get_value_name_int: field 'pGopay' not found (GM.pwn:16327)
[05:56:57] [ERROR] cache_get_value_name_int: field 'pDwnDana' not found (GM.pwn:16327)
[05:56:57] [ERROR] cache_get_value_name_int: field 'pDwnGopay' not found (GM.pwn:16327)
[05:56:57] [ERROR] cache_get_value_name_int: field 'pDwnX' not found (GM.pwn:16327)
[06:01:05] [WARNING] mysql_connect: no password specified (GM.pwn:16326 -> GM.pwn:16326 -> C:\Users\aguss\Downloads\pawno\include\Pawn.RakNet.inc:902 -> C:\Users\aguss\Downloads\pawno\include\sscanf2.inc:210)
[06:01:34] [ERROR] cache_get_value_name_int: field 'pDana' not found (GM.pwn:16327)
[06:01:34] [ERROR] cache_get_value_name_int: field 'pGopay' not found (GM.pwn:16327)
[06:01:34] [ERROR] cache_get_value_name_int: field 'pDwnDana' not found (GM.pwn:16327)
[06:01:34] [ERROR] cache_get_value_name_int: field 'pDwnGopay' not found (GM.pwn:16327)
[06:01:34] [ERROR] cache_get_value_name_int: field 'pDwnX' not found (GM.pwn:16327)
[06:05:05] [WARNING] mysql_connect: no password specified (GM.pwn:16326 -> GM.pwn:16326 -> C:\Users\aguss\Downloads\pawno\include\Pawn.RakNet.inc:902 -> C:\Users\aguss\Downloads\pawno\include\sscanf2.inc:210)
[06:05:33] [ERROR] cache_get_value_name_int: field 'pDana' not found (GM.pwn:16326)
[06:05:33] [ERROR] cache_get_value_name_int: field 'pGopay' not found (GM.pwn:16326)
[06:05:33] [ERROR] cache_get_value_name_int: field 'pDwnDana' not found (GM.pwn:16326)
[06:05:33] [ERROR] cache_get_value_name_int: field 'pDwnGopay' not found (GM.pwn:16326)
[06:05:33] [ERROR] cache_get_value_name_int: field 'pDwnX' not found (GM.pwn:16326)
[06:10:11] [WARNING] mysql_connect: no password specified (GM.pwn:16331 -> GM.pwn:16331 -> C:\Users\aguss\Downloads\pawno\include\Pawn.RakNet.inc:902 -> C:\Users\aguss\Downloads\pawno\include\sscanf2.inc:210)
[06:10:43] [ERROR] cache_get_value_name_int: field 'pDana' not found (GM.pwn:16331)
[06:10:43] [ERROR] cache_get_value_name_int: field 'pGopay' not found (GM.pwn:16331)
[06:10:43] [ERROR] cache_get_value_name_int: field 'pDwnDana' not found (GM.pwn:16331)
[06:10:43] [ERROR] cache_get_value_name_int: field 'pDwnGopay' not found (GM.pwn:16331)
[06:10:43] [ERROR] cache_get_value_name_int: field 'pDwnX' not found (GM.pwn:16331)
[06:13:41] [WARNING] mysql_connect: no password specified (GM.pwn:16325 -> GM.pwn:16325 -> C:\Users\aguss\Downloads\pawno\include\Pawn.RakNet.inc:902 -> C:\Users\aguss\Downloads\pawno\include\sscanf2.inc:210)
[06:14:11] [ERROR] cache_get_value_name_int: field 'pDana' not found (GM.pwn:16325)
[06:14:11] [ERROR] cache_get_value_name_int: field 'pGopay' not found (GM.pwn:16325)
[06:14:11] [ERROR] cache_get_value_name_int: field 'pDwnDana' not found (GM.pwn:16325)
[06:14:11] [ERROR] cache_get_value_name_int: field 'pDwnGopay' not found (GM.pwn:16325)
[06:14:11] [ERROR] cache_get_value_name_int: field 'pDwnX' not found (GM.pwn:16325)
[06:17:03] [ERROR] cache_get_value_name_int: field 'pDana' not found (GM.pwn:16325)
[06:17:03] [ERROR] cache_get_value_name_int: field 'pGopay' not found (GM.pwn:16325)
[06:17:03] [ERROR] cache_get_value_name_int: field 'pDwnDana' not found (GM.pwn:16325)
[06:17:03] [ERROR] cache_get_value_name_int: field 'pDwnGopay' not found (GM.pwn:16325)
[06:17:03] [ERROR] cache_get_value_name_int: field 'pDwnX' not found (GM.pwn:16325)
[08:25:54] [WARNING] mysql_connect: no password specified (GM.pwn:16627 -> GM.pwn:16627 -> C:\Users\aguss\Downloads\pawno\include\Pawn.RakNet.inc:902 -> C:\Users\aguss\Downloads\pawno\include\sscanf2.inc:210)
[08:26:45] [ERROR] cache_get_value_name_int: field 'pDana' not found (GM.pwn:16627)
[08:26:45] [ERROR] cache_get_value_name_int: field 'pGopay' not found (GM.pwn:16627)
[08:26:45] [ERROR] cache_get_value_name_int: field 'pDwnDana' not found (GM.pwn:16627)
[08:26:45] [ERROR] cache_get_value_name_int: field 'pDwnGopay' not found (GM.pwn:16627)
[08:26:45] [ERROR] cache_get_value_name_int: field 'pDwnX' not found (GM.pwn:16627)
[09:48:44] [WARNING] mysql_connect: no password specified (GM.pwn:17234 -> GM.pwn:17234 -> C:\Users\aguss\Downloads\pawno\include\Pawn.RakNet.inc:902 -> C:\Users\aguss\Downloads\pawno\include\sscanf2.inc:210)
[09:49:16] [ERROR] cache_get_value_name_int: field 'pDana' not found (GM.pwn:17234)
[09:49:16] [ERROR] cache_get_value_name_int: field 'pGopay' not found (GM.pwn:17234)
[09:49:16] [ERROR] cache_get_value_name_int: field 'pDwnDana' not found (GM.pwn:17234)
[09:49:16] [ERROR] cache_get_value_name_int: field 'pDwnGopay' not found (GM.pwn:17234)
[09:49:16] [ERROR] cache_get_value_name_int: field 'pDwnX' not found (GM.pwn:17234)
[09:53:12] [WARNING] mysql_connect: no password specified (GM.pwn:17238 -> GM.pwn:17238 -> C:\Users\aguss\Downloads\pawno\include\Pawn.RakNet.inc:902 -> C:\Users\aguss\Downloads\pawno\include\sscanf2.inc:210)
[09:54:13] [ERROR] cache_get_value_name_int: field 'pDana' not found (GM.pwn:17238)
[09:54:13] [ERROR] cache_get_value_name_int: field 'pGopay' not found (GM.pwn:17238)
[09:54:13] [ERROR] cache_get_value_name_int: field 'pDwnDana' not found (GM.pwn:17238)
[09:54:13] [ERROR] cache_get_value_name_int: field 'pDwnGopay' not found (GM.pwn:17238)
[09:54:13] [ERROR] cache_get_value_name_int: field 'pDwnX' not found (GM.pwn:17238)
[09:55:12] [WARNING] mysql_connect: no password specified (GM.pwn:17238 -> GM.pwn:17238 -> C:\Users\aguss\Downloads\pawno\include\Pawn.RakNet.inc:902 -> C:\Users\aguss\Downloads\pawno\include\sscanf2.inc:210)
[09:55:51] [ERROR] cache_get_value_name_int: field 'pDana' not found (GM.pwn:17238)
[09:55:51] [ERROR] cache_get_value_name_int: field 'pGopay' not found (GM.pwn:17238)
[09:55:51] [ERROR] cache_get_value_name_int: field 'pDwnDana' not found (GM.pwn:17238)
[09:55:51] [ERROR] cache_get_value_name_int: field 'pDwnGopay' not found (GM.pwn:17238)
[09:55:51] [ERROR] cache_get_value_name_int: field 'pDwnX' not found (GM.pwn:17238)
[11:20:35] [WARNING] mysql_connect: no password specified (GM.pwn:17238 -> GM.pwn:17238 -> C:\Users\aguss\Downloads\pawno\include\Pawn.RakNet.inc:902 -> C:\Users\aguss\Downloads\pawno\include\sscanf2.inc:210)
[11:23:21] [ERROR] cache_get_value_name_int: field 'pDana' not found (GM.pwn:17238)
[11:23:21] [ERROR] cache_get_value_name_int: field 'pGopay' not found (GM.pwn:17238)
[11:23:21] [ERROR] cache_get_value_name_int: field 'pDwnDana' not found (GM.pwn:17238)
[11:23:21] [ERROR] cache_get_value_name_int: field 'pDwnGopay' not found (GM.pwn:17238)
[11:23:21] [ERROR] cache_get_value_name_int: field 'pDwnX' not found (GM.pwn:17238)
[11:44:02] [WARNING] mysql_connect: no password specified (GM.pwn:17558 -> GM.pwn:17558 -> C:\Users\aguss\Downloads\pawno\include\Pawn.RakNet.inc:902 -> C:\Users\aguss\Downloads\pawno\include\sscanf2.inc:210)
[11:44:37] [ERROR] cache_get_value_name_int: field 'pDana' not found (GM.pwn:17558)
[11:44:37] [ERROR] cache_get_value_name_int: field 'pGopay' not found (GM.pwn:17558)
[11:44:37] [ERROR] cache_get_value_name_int: field 'pDwnDana' not found (GM.pwn:17558)
[11:44:37] [ERROR] cache_get_value_name_int: field 'pDwnGopay' not found (GM.pwn:17558)
[11:44:37] [ERROR] cache_get_value_name_int: field 'pDwnX' not found (GM.pwn:17558)
[11:48:22] [WARNING] mysql_connect: no password specified (GM.pwn:17558 -> GM.pwn:17558 -> C:\Users\aguss\Downloads\pawno\include\Pawn.RakNet.inc:902 -> C:\Users\aguss\Downloads\pawno\include\sscanf2.inc:210)
[11:48:52] [ERROR] cache_get_value_name_int: field 'pDana' not found (GM.pwn:17558)
[11:48:52] [ERROR] cache_get_value_name_int: field 'pGopay' not found (GM.pwn:17558)
[11:48:52] [ERROR] cache_get_value_name_int: field 'pDwnDana' not found (GM.pwn:17558)
[11:48:52] [ERROR] cache_get_value_name_int: field 'pDwnGopay' not found (GM.pwn:17558)
[11:48:52] [ERROR] cache_get_value_name_int: field 'pDwnX' not found (GM.pwn:17558)
[11:50:37] [ERROR] cache_get_value_name_int: field 'pDana' not found (GM.pwn:17558)
[11:50:37] [ERROR] cache_get_value_name_int: field 'pGopay' not found (GM.pwn:17558)
[11:50:37] [ERROR] cache_get_value_name_int: field 'pDwnDana' not found (GM.pwn:17558)
[11:50:37] [ERROR] cache_get_value_name_int: field 'pDwnGopay' not found (GM.pwn:17558)
[11:50:37] [ERROR] cache_get_value_name_int: field 'pDwnX' not found (GM.pwn:17558)
[11:57:42] [WARNING] mysql_connect: no password specified (GM.pwn:17558 -> GM.pwn:17558 -> C:\Users\aguss\Downloads\pawno\include\Pawn.RakNet.inc:902 -> C:\Users\aguss\Downloads\pawno\include\sscanf2.inc:210)
[11:58:44] [ERROR] cache_get_value_name_int: field 'pDana' not found (GM.pwn:17558)
[11:58:44] [ERROR] cache_get_value_name_int: field 'pGopay' not found (GM.pwn:17558)
[11:58:44] [ERROR] cache_get_value_name_int: field 'pDwnDana' not found (GM.pwn:17558)
[11:58:44] [ERROR] cache_get_value_name_int: field 'pDwnGopay' not found (GM.pwn:17558)
[11:58:44] [ERROR] cache_get_value_name_int: field 'pDwnX' not found (GM.pwn:17558)
[12:00:00] [ERROR] error #1054 while executing query "UPDATE `accounts` SET `pDana` = 1000 WHERE `pID` = 1 LIMIT 1": Unknown column 'pDana' in 'field list' (GM.pwn:17558 -> GM.pwn:17558 -> GM.pwn:17557)
[12:00:00] [ERROR] error #1054 while executing query "UPDATE `accounts` SET `pGopay` = 1000 WHERE `pID` = 1 LIMIT 1": Unknown column 'pGopay' in 'field list' (GM.pwn:17558 -> GM.pwn:17558 -> GM.pwn:17557)
[12:05:23] [ERROR] cache_get_value_name_int: field 'pDana' not found (GM.pwn:17558)
[12:05:23] [ERROR] cache_get_value_name_int: field 'pGopay' not found (GM.pwn:17558)
[12:05:23] [ERROR] cache_get_value_name_int: field 'pDwnDana' not found (GM.pwn:17558)
[12:05:23] [ERROR] cache_get_value_name_int: field 'pDwnGopay' not found (GM.pwn:17558)
[12:05:23] [ERROR] cache_get_value_name_int: field 'pDwnX' not found (GM.pwn:17558)
[12:15:02] [ERROR] cache_get_value_name_int: field 'pDana' not found (GM.pwn:17558)
[12:15:02] [ERROR] cache_get_value_name_int: field 'pGopay' not found (GM.pwn:17558)
[12:15:02] [ERROR] cache_get_value_name_int: field 'pDwnDana' not found (GM.pwn:17558)
[12:15:02] [ERROR] cache_get_value_name_int: field 'pDwnGopay' not found (GM.pwn:17558)
[12:15:02] [ERROR] cache_get_value_name_int: field 'pDwnX' not found (GM.pwn:17558)
[12:23:46] [WARNING] mysql_connect: no password specified (GM.pwn:17607 -> GM.pwn:17607 -> C:\Users\aguss\Downloads\pawno\include\Pawn.RakNet.inc:902 -> C:\Users\aguss\Downloads\pawno\include\sscanf2.inc:210)
[12:24:17] [ERROR] cache_get_value_name_int: field 'pDana' not found (GM.pwn:17607)
[12:24:17] [ERROR] cache_get_value_name_int: field 'pGopay' not found (GM.pwn:17607)
[12:24:17] [ERROR] cache_get_value_name_int: field 'pDwnDana' not found (GM.pwn:17607)
[12:24:17] [ERROR] cache_get_value_name_int: field 'pDwnGopay' not found (GM.pwn:17607)
[12:24:17] [ERROR] cache_get_value_name_int: field 'pDwnX' not found (GM.pwn:17607)
[13:13:25] [WARNING] mysql_connect: no password specified (GM.pwn:17633 -> GM.pwn:17633 -> C:\Users\aguss\Downloads\pawno\include\VOICE123.inc:13 -> C:\Users\aguss\Downloads\pawno\include\Pawn.RakNet.inc:902 -> C:\Users\aguss\Downloads\pawno\include\sscanf2.inc:210)
[18:11:15] [WARNING] mysql_connect: no password specified (GM.pwn:17633 -> GM.pwn:17633 -> C:\Users\aguss\Downloads\pawno\include\VOICE123.inc:13 -> C:\Users\aguss\Downloads\pawno\include\Pawn.RakNet.inc:902 -> C:\Users\aguss\Downloads\pawno\include\sscanf2.inc:210)
[18:12:04] [ERROR] cache_get_value_name_int: field 'pDana' not found (GM.pwn:17633)
[18:12:04] [ERROR] cache_get_value_name_int: field 'pGopay' not found (GM.pwn:17633)
[18:12:04] [ERROR] cache_get_value_name_int: field 'pDwnDana' not found (GM.pwn:17633)
[18:12:04] [ERROR] cache_get_value_name_int: field 'pDwnGopay' not found (GM.pwn:17633)
[18:12:04] [ERROR] cache_get_value_name_int: field 'pDwnX' not found (GM.pwn:17633)
[09:09:38] [WARNING] mysql_connect: no password specified (GM.pwn:17633 -> GM.pwn:17633 -> C:\Users\aguss\Downloads\pawno\include\VOICE123.inc:13 -> C:\Users\aguss\Downloads\pawno\include\Pawn.RakNet.inc:902 -> C:\Users\aguss\Downloads\pawno\include\sscanf2.inc:210)
[09:10:23] [ERROR] cache_get_value_name_int: field 'pDana' not found (GM.pwn:17633)
[09:10:23] [ERROR] cache_get_value_name_int: field 'pGopay' not found (GM.pwn:17633)
[09:10:23] [ERROR] cache_get_value_name_int: field 'pDwnDana' not found (GM.pwn:17633)
[09:10:23] [ERROR] cache_get_value_name_int: field 'pDwnGopay' not found (GM.pwn:17633)
[09:10:23] [ERROR] cache_get_value_name_int: field 'pDwnX' not found (GM.pwn:17633)
[10:28:39] [WARNING] mysql_connect: no password specified (GM.pwn:17639 -> GM.pwn:17639 -> C:\Users\aguss\Downloads\pawno\include\VOICE123.inc:13 -> C:\Users\aguss\Downloads\pawno\include\Pawn.RakNet.inc:902 -> C:\Users\aguss\Downloads\pawno\include\sscanf2.inc:210)
[10:29:32] [ERROR] cache_get_value_name_int: field 'pDana' not found (GM.pwn:17639)
[10:29:32] [ERROR] cache_get_value_name_int: field 'pGopay' not found (GM.pwn:17639)
[10:29:32] [ERROR] cache_get_value_name_int: field 'pDwnDana' not found (GM.pwn:17639)
[10:29:32] [ERROR] cache_get_value_name_int: field 'pDwnGopay' not found (GM.pwn:17639)
[10:29:32] [ERROR] cache_get_value_name_int: field 'pDwnX' not found (GM.pwn:17639)
[10:30:44] [ERROR] error #1054 while executing query "UPDATE `accounts` SET `pDana` = 1000 WHERE `pID` = 1 LIMIT 1": Unknown column 'pDana' in 'field list' (GM.pwn:17639 -> GM.pwn:17639 -> GM.pwn:17638)
[10:30:44] [ERROR] error #1054 while executing query "UPDATE `accounts` SET `pGopay` = 1000 WHERE `pID` = 1 LIMIT 1": Unknown column 'pGopay' in 'field list' (GM.pwn:17639 -> GM.pwn:17639 -> GM.pwn:17638)
[10:30:46] [ERROR] error #1054 while executing query "UPDATE `accounts` SET `pDana` = 2000 WHERE `pID` = 1 LIMIT 1": Unknown column 'pDana' in 'field list' (GM.pwn:17639 -> GM.pwn:17639 -> GM.pwn:17638)
[10:30:46] [ERROR] error #1054 while executing query "UPDATE `accounts` SET `pGopay` = 2000 WHERE `pID` = 1 LIMIT 1": Unknown column 'pGopay' in 'field list' (GM.pwn:17639 -> GM.pwn:17639 -> GM.pwn:17638)
[10:30:49] [ERROR] error #1054 while executing query "UPDATE `accounts` SET `pDana` = 3000 WHERE `pID` = 1 LIMIT 1": Unknown column 'pDana' in 'field list' (GM.pwn:17639 -> GM.pwn:17639 -> GM.pwn:17638)
[10:30:49] [ERROR] error #1054 while executing query "UPDATE `accounts` SET `pGopay` = 3000 WHERE `pID` = 1 LIMIT 1": Unknown column 'pGopay' in 'field list' (GM.pwn:17639 -> GM.pwn:17639 -> GM.pwn:17638)
[10:30:52] [ERROR] error #1054 while executing query "UPDATE `accounts` SET `pDana` = 4000 WHERE `pID` = 1 LIMIT 1": Unknown column 'pDana' in 'field list' (GM.pwn:17639 -> GM.pwn:17639 -> GM.pwn:17638)
[10:30:52] [ERROR] error #1054 while executing query "UPDATE `accounts` SET `pGopay` = 4000 WHERE `pID` = 1 LIMIT 1": Unknown column 'pGopay' in 'field list' (GM.pwn:17639 -> GM.pwn:17639 -> GM.pwn:17638)
[10:30:55] [ERROR] error #1054 while executing query "UPDATE `accounts` SET `pDana` = 5000 WHERE `pID` = 1 LIMIT 1": Unknown column 'pDana' in 'field list' (GM.pwn:17639 -> GM.pwn:17639 -> GM.pwn:17638)
[10:30:55] [ERROR] error #1054 while executing query "UPDATE `accounts` SET `pGopay` = 5000 WHERE `pID` = 1 LIMIT 1": Unknown column 'pGopay' in 'field list' (GM.pwn:17639 -> GM.pwn:17639 -> GM.pwn:17638)
[10:30:58] [ERROR] error #1054 while executing query "UPDATE `accounts` SET `pDana` = 6000 WHERE `pID` = 1 LIMIT 1": Unknown column 'pDana' in 'field list' (GM.pwn:17639 -> GM.pwn:17639 -> GM.pwn:17638)
[10:30:58] [ERROR] error #1054 while executing query "UPDATE `accounts` SET `pGopay` = 6000 WHERE `pID` = 1 LIMIT 1": Unknown column 'pGopay' in 'field list' (GM.pwn:17639 -> GM.pwn:17639 -> GM.pwn:17638)
[10:42:56] [WARNING] mysql_connect: no password specified (GM.pwn:17626 -> GM.pwn:17626 -> C:\Users\aguss\Downloads\pawno\include\VOICE123.inc:13 -> C:\Users\aguss\Downloads\pawno\include\Pawn.RakNet.inc:902 -> C:\Users\aguss\Downloads\pawno\include\sscanf2.inc:210)
[10:45:56] [WARNING] mysql_connect: no password specified (GM.pwn:17626 -> GM.pwn:17626 -> C:\Users\aguss\Downloads\pawno\include\VOICE123.inc:13 -> C:\Users\aguss\Downloads\pawno\include\Pawn.RakNet.inc:902 -> C:\Users\aguss\Downloads\pawno\include\sscanf2.inc:210)
[11:30:49] [WARNING] mysql_connect: no password specified (GM.pwn:17895 -> GM.pwn:17895 -> C:\Users\aguss\Downloads\pawno\include\Pawn.RakNet.inc:902 -> C:\Users\aguss\Downloads\pawno\include\sscanf2.inc:210)
[11:44:56] [WARNING] mysql_connect: no password specified (GM.pwn:17881 -> GM.pwn:17881 -> C:\Users\aguss\Downloads\pawno\include\Pawn.RakNet.inc:902 -> C:\Users\aguss\Downloads\pawno\include\sscanf2.inc:210)
[15:04:59] [WARNING] mysql_connect: no password specified (GM.pwn:17881 -> GM.pwn:17881 -> C:\Users\aguss\Downloads\pawno\include\Pawn.RakNet.inc:902 -> C:\Users\aguss\Downloads\pawno\include\sscanf2.inc:210)
[15:23:13] [WARNING] mysql_connect: no password specified (GM.pwn:18003 -> GM.pwn:18003 -> C:\Users\aguss\Downloads\pawno\include\Pawn.RakNet.inc:902 -> C:\Users\aguss\Downloads\pawno\include\sscanf2.inc:210)
[15:27:41] [WARNING] mysql_connect: no password specified (GM.pwn:18003 -> GM.pwn:18003 -> C:\Users\aguss\Downloads\pawno\include\Pawn.RakNet.inc:902 -> C:\Users\aguss\Downloads\pawno\include\sscanf2.inc:210)
[18:10:09] [WARNING] mysql_connect: no password specified (GM.pwn:18665 -> GM.pwn:18665 -> C:\Users\aguss\Downloads\pawno\include\Pawn.RakNet.inc:902 -> C:\Users\aguss\Downloads\pawno\include\sscanf2.inc:210)
[18:14:56] [WARNING] mysql_connect: no password specified (GM.pwn:18673 -> GM.pwn:18673 -> C:\Users\aguss\Downloads\pawno\include\Pawn.RakNet.inc:902 -> C:\Users\aguss\Downloads\pawno\include\sscanf2.inc:210)
[18:17:45] [WARNING] mysql_connect: no password specified (GM.pwn:18673 -> GM.pwn:18673 -> C:\Users\aguss\Downloads\pawno\include\Pawn.RakNet.inc:902 -> C:\Users\aguss\Downloads\pawno\include\sscanf2.inc:210)
[18:28:39] [WARNING] mysql_connect: no password specified (GM.pwn:18687 -> GM.pwn:18687 -> C:\Users\aguss\Downloads\pawno\include\Pawn.RakNet.inc:902 -> C:\Users\aguss\Downloads\pawno\include\sscanf2.inc:210)
[19:09:18] [WARNING] mysql_connect: no password specified (GM.pwn:17774 -> GM.pwn:17774 -> C:\Users\aguss\Downloads\pawno\include\VOICE123.inc:13 -> C:\Users\aguss\Downloads\pawno\include\Pawn.RakNet.inc:902 -> C:\Users\aguss\Downloads\pawno\include\sscanf2.inc:210)
[19:11:05] [WARNING] mysql_connect: no password specified (GM.pwn:17774 -> GM.pwn:17774 -> C:\Users\aguss\Downloads\pawno\include\VOICE123.inc:13 -> C:\Users\aguss\Downloads\pawno\include\Pawn.RakNet.inc:902 -> C:\Users\aguss\Downloads\pawno\include\sscanf2.inc:210)
[19:13:52] [WARNING] mysql_connect: no password specified (GM.pwn:18466 -> GM.pwn:18466 -> C:\Users\aguss\Downloads\pawno\include\VOICE123.inc:13 -> C:\Users\aguss\Downloads\pawno\include\Pawn.RakNet.inc:902 -> C:\Users\aguss\Downloads\pawno\include\sscanf2.inc:210)
[19:18:44] [WARNING] mysql_connect: no password specified (GM.pwn:18437 -> GM.pwn:18437 -> C:\Users\aguss\Downloads\pawno\include\Pawn.RakNet.inc:902 -> C:\Users\aguss\Downloads\pawno\include\sscanf2.inc:210)
[11:00:37] [WARNING] mysql_connect: no password specified
[12:56:15] [WARNING] mysql_connect: no password specified (GM.pwn:18370 -> GM.pwn:18370 -> C:\Users\aguss\Downloads\pawno\include\Pawn.RakNet.inc:902 -> C:\Users\aguss\Downloads\pawno\include\sscanf2.inc:210)
[12:59:05] [WARNING] mysql_connect: no password specified (GM.pwn:18370 -> GM.pwn:18370 -> C:\Users\aguss\Downloads\pawno\include\Pawn.RakNet.inc:902 -> C:\Users\aguss\Downloads\pawno\include\sscanf2.inc:210)
[13:00:32] [WARNING] mysql_connect: no password specified (GM.pwn:18370 -> GM.pwn:18370 -> C:\Users\aguss\Downloads\pawno\include\Pawn.RakNet.inc:902 -> C:\Users\aguss\Downloads\pawno\include\sscanf2.inc:210)
[13:06:41] [WARNING] mysql_connect: no password specified (GM.pwn:18386 -> GM.pwn:18386 -> C:\Users\aguss\Downloads\pawno\include\Pawn.RakNet.inc:902 -> C:\Users\aguss\Downloads\pawno\include\sscanf2.inc:210)
[13:15:14] [WARNING] mysql_connect: no password specified (GM.pwn:18386 -> GM.pwn:18386 -> C:\Users\aguss\Downloads\pawno\include\Pawn.RakNet.inc:902 -> C:\Users\aguss\Downloads\pawno\include\sscanf2.inc:210)
[16:24:16] [WARNING] mysql_connect: no password specified (GM.pwn:17859 -> GM.pwn:17859 -> C:\Users\aguss\Downloads\pawno\include\Pawn.RakNet.inc:902 -> C:\Users\aguss\Downloads\pawno\include\sscanf2.inc:210)
[16:39:06] [WARNING] mysql_connect: no password specified (GM.pwn:17653 -> GM.pwn:17653 -> C:\Users\aguss\Downloads\pawno\include\Pawn.RakNet.inc:902 -> C:\Users\aguss\Downloads\pawno\include\sscanf2.inc:210)
[17:20:25] [WARNING] mysql_connect: no password specified (GM.pwn:17471 -> GM.pwn:17471 -> C:\Users\aguss\Downloads\pawno\include\Pawn.RakNet.inc:902 -> C:\Users\aguss\Downloads\pawno\include\sscanf2.inc:210)
[17:23:31] [WARNING] mysql_connect: no password specified (GM.pwn:17452 -> GM.pwn:17452 -> C:\Users\aguss\Downloads\pawno\include\Pawn.RakNet.inc:902 -> C:\Users\aguss\Downloads\pawno\include\sscanf2.inc:210)
[17:33:48] [WARNING] mysql_connect: no password specified (GM.pwn:17944 -> GM.pwn:17944 -> C:\Users\aguss\Downloads\pawno\include\Pawn.RakNet.inc:902 -> C:\Users\aguss\Downloads\pawno\include\sscanf2.inc:210)
[18:25:23] [WARNING] mysql_connect: no password specified (GM.pwn:18131 -> GM.pwn:18131 -> C:\Users\aguss\Downloads\pawno\include\Pawn.RakNet.inc:902 -> C:\Users\aguss\Downloads\pawno\include\sscanf2.inc:210)
[18:32:43] [WARNING] mysql_connect: no password specified (GM.pwn:18131 -> GM.pwn:18131 -> C:\Users\aguss\Downloads\pawno\include\Pawn.RakNet.inc:902 -> C:\Users\aguss\Downloads\pawno\include\sscanf2.inc:210)
[18:35:23] [WARNING] mysql_connect: no password specified (GM.pwn:18132 -> GM.pwn:18132 -> C:\Users\aguss\Downloads\pawno\include\Pawn.RakNet.inc:902 -> C:\Users\aguss\Downloads\pawno\include\sscanf2.inc:210)
[18:47:56] [WARNING] mysql_connect: no password specified (GM.pwn:18134 -> GM.pwn:18134 -> C:\Users\aguss\Downloads\pawno\include\Pawn.RakNet.inc:902 -> C:\Users\aguss\Downloads\pawno\include\sscanf2.inc:210)
[19:33:36] [WARNING] mysql_connect: no password specified (GM.pwn:18523 -> GM.pwn:18523 -> C:\Users\aguss\Downloads\pawno\include\Pawn.RakNet.inc:902 -> C:\Users\aguss\Downloads\pawno\include\sscanf2.inc:210)
[19:33:58] [WARNING] mysql_connect: no password specified (GM.pwn:18521 -> GM.pwn:18521 -> C:\Users\aguss\Downloads\pawno\include\Pawn.RakNet.inc:902 -> C:\Users\aguss\Downloads\pawno\include\sscanf2.inc:210)
[19:35:55] [WARNING] mysql_connect: no password specified (GM.pwn:18521 -> GM.pwn:18521 -> C:\Users\aguss\Downloads\pawno\include\Pawn.RakNet.inc:902 -> C:\Users\aguss\Downloads\pawno\include\sscanf2.inc:210)
[19:37:26] [WARNING] mysql_connect: no password specified (GM.pwn:18519 -> GM.pwn:18519 -> C:\Users\aguss\Downloads\pawno\include\Pawn.RakNet.inc:902 -> C:\Users\aguss\Downloads\pawno\include\sscanf2.inc:210)
[19:51:35] [WARNING] mysql_connect: no password specified (GM.pwn:18519 -> GM.pwn:18519 -> C:\Users\aguss\Downloads\pawno\include\Pawn.RakNet.inc:902 -> C:\Users\aguss\Downloads\pawno\include\sscanf2.inc:210)
[20:20:12] [WARNING] mysql_connect: no password specified (GM.pwn:18545 -> GM.pwn:18545 -> C:\Users\aguss\Downloads\pawno\include\Pawn.RakNet.inc:902 -> C:\Users\aguss\Downloads\pawno\include\sscanf2.inc:210)
[08:27:52] [WARNING] mysql_connect: no password specified (C:\Users\aguss\Downloads\GM 3.5 PROJECT\gamemodes\GM.pwn:18545 -> C:\Users\aguss\Downloads\GM 3.5 PROJECT\gamemodes\GM.pwn:18545 -> C:\Users\aguss\Downloads\GM 3.5 PROJECT\pawno\include\Pawn.RakNet.inc:902 -> C:\Users\aguss\Downloads\GM 3.5 PROJECT\pawno\include\sscanf2.inc:210)
[12:52:05] [WARNING] mysql_connect: no password specified (GM.pwn:18584 -> GM.pwn:18584 -> C:\Users\aguss\Downloads\pawno\include\Pawn.RakNet.inc:902 -> C:\Users\aguss\Downloads\pawno\include\sscanf2.inc:210)
[12:52:21] [WARNING] mysql_connect: no password specified (GM.pwn:18584 -> GM.pwn:18584 -> C:\Users\aguss\Downloads\pawno\include\Pawn.RakNet.inc:902 -> C:\Users\aguss\Downloads\pawno\include\sscanf2.inc:210)
[15:15:09] [WARNING] mysql_connect: no password specified (GM.pwn:18584 -> GM.pwn:18584 -> C:\Users\aguss\Downloads\pawno\include\Pawn.RakNet.inc:902 -> C:\Users\aguss\Downloads\pawno\include\sscanf2.inc:210)
[19:54:02] [WARNING] mysql_connect: no password specified (GM.pwn:18964 -> GM.pwn:18964 -> C:\Users\aguss\Downloads\pawno\include\Pawn.RakNet.inc:902 -> C:\Users\aguss\Downloads\pawno\include\sscanf2.inc:210)
[19:54:13] [WARNING] mysql_connect: no password specified (GM.pwn:18964 -> GM.pwn:18964 -> C:\Users\aguss\Downloads\pawno\include\Pawn.RakNet.inc:902 -> C:\Users\aguss\Downloads\pawno\include\sscanf2.inc:210)
[19:54:36] [WARNING] mysql_connect: no password specified (GM.pwn:18964 -> GM.pwn:18964 -> C:\Users\aguss\Downloads\pawno\include\Pawn.RakNet.inc:902 -> C:\Users\aguss\Downloads\pawno\include\sscanf2.inc:210)
[20:01:41] [WARNING] mysql_connect: no password specified (GM.pwn:18964 -> GM.pwn:18964 -> C:\Users\aguss\Downloads\pawno\include\Pawn.RakNet.inc:902 -> C:\Users\aguss\Downloads\pawno\include\sscanf2.inc:210)
[20:04:48] [WARNING] mysql_connect: no password specified (GM.pwn:19235 -> GM.pwn:19235 -> C:\Users\aguss\Downloads\pawno\include\Pawn.RakNet.inc:902 -> C:\Users\aguss\Downloads\pawno\include\sscanf2.inc:210)
[20:06:49] [WARNING] mysql_connect: no password specified (GM.pwn:19225 -> GM.pwn:19225 -> C:\Users\aguss\Downloads\pawno\include\Pawn.RakNet.inc:902 -> C:\Users\aguss\Downloads\pawno\include\sscanf2.inc:210)
[20:07:45] [WARNING] mysql_connect: no password specified (GM.pwn:19225 -> GM.pwn:19225 -> C:\Users\aguss\Downloads\pawno\include\Pawn.RakNet.inc:902 -> C:\Users\aguss\Downloads\pawno\include\sscanf2.inc:210)
[20:09:51] [WARNING] mysql_connect: no password specified (GM.pwn:19225 -> GM.pwn:19225 -> C:\Users\aguss\Downloads\pawno\include\Pawn.RakNet.inc:902 -> C:\Users\aguss\Downloads\pawno\include\sscanf2.inc:210)
[20:11:32] [WARNING] mysql_connect: no password specified (GM.pwn:19225 -> GM.pwn:19225 -> C:\Users\aguss\Downloads\pawno\include\Pawn.RakNet.inc:902 -> C:\Users\aguss\Downloads\pawno\include\sscanf2.inc:210)
[20:13:24] [WARNING] mysql_connect: no password specified (GM.pwn:19225 -> GM.pwn:19225 -> C:\Users\aguss\Downloads\pawno\include\Pawn.RakNet.inc:902 -> C:\Users\aguss\Downloads\pawno\include\sscanf2.inc:210)
[20:18:52] [WARNING] mysql_connect: no password specified (GM.pwn:19223 -> GM.pwn:19223 -> C:\Users\aguss\Downloads\pawno\include\Pawn.RakNet.inc:902 -> C:\Users\aguss\Downloads\pawno\include\sscanf2.inc:210)
[20:29:15] [WARNING] mysql_connect: no password specified (GM.pwn:19223 -> GM.pwn:19223 -> C:\Users\aguss\Downloads\pawno\include\Pawn.RakNet.inc:902 -> C:\Users\aguss\Downloads\pawno\include\sscanf2.inc:210)
[21:03:40] [WARNING] mysql_connect: no password specified (GM.pwn:19223 -> GM.pwn:19223 -> C:\Users\aguss\Downloads\pawno\include\Pawn.RakNet.inc:902 -> C:\Users\aguss\Downloads\pawno\include\sscanf2.inc:210)
[19:19:53] [WARNING] mysql_connect: no password specified (GM.pwn:19185 -> GM.pwn:19185 -> C:\Users\aguss\Downloads\pawno\include\Pawn.RakNet.inc:902 -> C:\Users\aguss\Downloads\pawno\include\sscanf2.inc:210)
[19:23:10] [WARNING] mysql_connect: no password specified (GM.pwn:19185 -> GM.pwn:19185 -> C:\Users\aguss\Downloads\pawno\include\Pawn.RakNet.inc:902 -> C:\Users\aguss\Downloads\pawno\include\sscanf2.inc:210)
[19:25:36] [WARNING] mysql_connect: no password specified (GM.pwn:19187 -> GM.pwn:19187 -> C:\Users\aguss\Downloads\pawno\include\Pawn.RakNet.inc:902 -> C:\Users\aguss\Downloads\pawno\include\sscanf2.inc:210)
[19:37:25] [WARNING] mysql_connect: no password specified (GM.pwn:19184 -> GM.pwn:19184 -> C:\Users\aguss\Downloads\pawno\include\Pawn.RakNet.inc:902 -> C:\Users\aguss\Downloads\pawno\include\sscanf2.inc:210)
[19:56:57] [WARNING] mysql_connect: no password specified (GM.pwn:19223 -> GM.pwn:19223 -> C:\Users\aguss\Downloads\pawno\include\Pawn.RakNet.inc:902 -> C:\Users\aguss\Downloads\pawno\include\sscanf2.inc:210)
[19:59:35] [WARNING] mysql_connect: no password specified (GM.pwn:19227 -> GM.pwn:19227 -> C:\Users\aguss\Downloads\pawno\include\Pawn.RakNet.inc:902 -> C:\Users\aguss\Downloads\pawno\include\sscanf2.inc:210)
[20:12:36] [WARNING] mysql_connect: no password specified (GM.pwn:19230 -> GM.pwn:19230 -> C:\Users\aguss\Downloads\pawno\include\Pawn.RakNet.inc:902 -> C:\Users\aguss\Downloads\pawno\include\sscanf2.inc:210)
[20:19:13] [WARNING] mysql_connect: no password specified (GM.pwn:19235 -> GM.pwn:19235 -> C:\Users\aguss\Downloads\pawno\include\Pawn.RakNet.inc:902 -> C:\Users\aguss\Downloads\pawno\include\sscanf2.inc:210)
[20:23:44] [WARNING] mysql_connect: no password specified (GM.pwn:19235 -> GM.pwn:19235 -> C:\Users\aguss\Downloads\pawno\include\Pawn.RakNet.inc:902 -> C:\Users\aguss\Downloads\pawno\include\sscanf2.inc:210)
[20:24:58] [WARNING] mysql_connect: no password specified (GM.pwn:19235 -> GM.pwn:19235 -> C:\Users\aguss\Downloads\pawno\include\Pawn.RakNet.inc:902 -> C:\Users\aguss\Downloads\pawno\include\sscanf2.inc:210)
[20:27:42] [WARNING] mysql_connect: no password specified (GM.pwn:19235 -> GM.pwn:19235 -> C:\Users\aguss\Downloads\pawno\include\Pawn.RakNet.inc:902 -> C:\Users\aguss\Downloads\pawno\include\sscanf2.inc:210)
[20:38:58] [WARNING] mysql_connect: no password specified (GM.pwn:19184 -> GM.pwn:19184 -> C:\Users\aguss\Downloads\pawno\include\Pawn.RakNet.inc:902 -> C:\Users\aguss\Downloads\pawno\include\sscanf2.inc:210)
[20:41:36] [WARNING] mysql_connect: no password specified (GM.pwn:19183 -> GM.pwn:19183 -> C:\Users\aguss\Downloads\pawno\include\Pawn.RakNet.inc:902 -> C:\Users\aguss\Downloads\pawno\include\sscanf2.inc:210)
[20:43:40] [WARNING] mysql_connect: no password specified (GM.pwn:19181 -> GM.pwn:19181 -> C:\Users\aguss\Downloads\pawno\include\Pawn.RakNet.inc:902 -> C:\Users\aguss\Downloads\pawno\include\sscanf2.inc:210)
[20:44:36] [WARNING] mysql_connect: no password specified (GM.pwn:19181 -> GM.pwn:19181 -> C:\Users\aguss\Downloads\pawno\include\Pawn.RakNet.inc:902 -> C:\Users\aguss\Downloads\pawno\include\sscanf2.inc:210)
[21:08:17] [WARNING] mysql_connect: no password specified (GM.pwn:19185 -> GM.pwn:19185 -> C:\Users\aguss\Downloads\pawno\include\Pawn.RakNet.inc:902 -> C:\Users\aguss\Downloads\pawno\include\sscanf2.inc:210)
[21:16:19] [WARNING] mysql_connect: no password specified (GM.pwn:19194 -> GM.pwn:19194 -> C:\Users\aguss\Downloads\pawno\include\Pawn.RakNet.inc:902 -> C:\Users\aguss\Downloads\pawno\include\sscanf2.inc:210)
[21:20:34] [WARNING] mysql_connect: no password specified (GM.pwn:19220 -> GM.pwn:19220 -> C:\Users\aguss\Downloads\pawno\include\VOICE123.inc:13 -> C:\Users\aguss\Downloads\pawno\include\Pawn.RakNet.inc:902 -> C:\Users\aguss\Downloads\pawno\include\sscanf2.inc:210)
[19:04:18] [WARNING] mysql_connect: no password specified (GM.pwn:19034 -> GM.pwn:19034 -> C:\Users\aguss\Downloads\pawno\include\Pawn.RakNet.inc:902 -> C:\Users\aguss\Downloads\pawno\include\sscanf2.inc:210)
[19:05:57] [WARNING] mysql_connect: no password specified (GM.pwn:19035 -> GM.pwn:19035 -> C:\Users\aguss\Downloads\pawno\include\Pawn.RakNet.inc:902 -> C:\Users\aguss\Downloads\pawno\include\sscanf2.inc:210)
[19:15:15] [WARNING] mysql_connect: no password specified (GM.pwn:19061 -> GM.pwn:19061 -> C:\Users\aguss\Downloads\pawno\include\VOICE123.inc:13 -> C:\Users\aguss\Downloads\pawno\include\Pawn.RakNet.inc:902 -> C:\Users\aguss\Downloads\pawno\include\sscanf2.inc:210)
[19:58:09] [WARNING] mysql_connect: no password specified (GM.pwn:19295 -> GM.pwn:19295 -> C:\Users\aguss\Downloads\pawno\include\VOICE123.inc:13 -> C:\Users\aguss\Downloads\pawno\include\Pawn.RakNet.inc:902 -> C:\Users\aguss\Downloads\pawno\include\sscanf2.inc:210)
[20:01:31] [WARNING] mysql_connect: no password specified (GM.pwn:19297 -> GM.pwn:19297 -> C:\Users\aguss\Downloads\pawno\include\VOICE123.inc:13 -> C:\Users\aguss\Downloads\pawno\include\Pawn.RakNet.inc:902 -> C:\Users\aguss\Downloads\pawno\include\sscanf2.inc:210)
[20:03:56] [WARNING] mysql_connect: no password specified (GM.pwn:19297 -> GM.pwn:19297 -> C:\Users\aguss\Downloads\pawno\include\VOICE123.inc:13 -> C:\Users\aguss\Downloads\pawno\include\Pawn.RakNet.inc:902 -> C:\Users\aguss\Downloads\pawno\include\sscanf2.inc:210)
[09:10:21] [WARNING] mysql_connect: no password specified (GM.pwn:19297 -> GM.pwn:19297 -> C:\Users\aguss\Downloads\pawno\include\VOICE123.inc:13 -> C:\Users\aguss\Downloads\pawno\include\Pawn.RakNet.inc:902 -> C:\Users\aguss\Downloads\pawno\include\sscanf2.inc:210)
[18:50:31] [WARNING] mysql_connect: no password specified (GM.pwn:19295 -> GM.pwn:19295 -> C:\Users\aguss\Downloads\pawno\include\VOICE123.inc:13 -> C:\Users\aguss\Downloads\pawno\include\Pawn.RakNet.inc:902 -> C:\Users\aguss\Downloads\pawno\include\sscanf2.inc:210)
[18:51:20] [ERROR] cache_get_value_name_int: field 'pSeed' not found (GM.pwn:19295)
[18:52:07] [ERROR] error #1054 while executing query "UPDATE `accounts` SET `pSeed` = 0 WHERE `pID` = 1 LIMIT 1": Unknown column 'pSeed' in 'field list' (GM.pwn:19295 -> BASEMODE\FUNCSAVE.pwn:12 -> GM.pwn:19295 -> C:\Users\aguss\Downloads\pawno\include\sscanf2.inc:265)
[18:53:24] [ERROR] cache_get_value_name_int: field 'pSeed' not found (GM.pwn:19295)
[18:59:08] [ERROR] error #1054 while executing query "UPDATE `accounts` SET `pSeed` = 0 WHERE `pID` = 1 LIMIT 1": Unknown column 'pSeed' in 'field list' (GM.pwn:19295 -> BASEMODE\FUNCSAVE.pwn:12 -> GM.pwn:19295 -> C:\Users\aguss\Downloads\pawno\include\sscanf2.inc:265)
[19:08:54] [WARNING] mysql_connect: no password specified (GM.pwn:19279 -> GM.pwn:19279 -> C:\Users\aguss\Downloads\pawno\include\Pawn.RakNet.inc:902 -> C:\Users\aguss\Downloads\pawno\include\sscanf2.inc:210)
[19:09:23] [ERROR] cache_get_value_name_int: field 'pSeed' not found (GM.pwn:19279)
[19:13:23] [WARNING] mysql_connect: no password specified (GM.pwn:19307 -> GM.pwn:19307 -> C:\Users\aguss\Downloads\pawno\include\VOICE123.inc:13 -> C:\Users\aguss\Downloads\pawno\include\Pawn.RakNet.inc:902 -> C:\Users\aguss\Downloads\pawno\include\sscanf2.inc:210)
